#
# A fatal error has been detected by the Java Runtime Environment:
#
#  EXCEPTION_ACCESS_VIOLATION (0xc0000005) at pc=0x00007ffd45a15afd, pid=2648, tid=14696
#
# JRE version: OpenJDK Runtime Environment Temurin-17.0.8.1+1 (17.0.8.1+1) (build 17.0.8.1+1)
# Java VM: OpenJDK 64-Bit Server VM Temurin-17.0.8.1+1 (17.0.8.1+1, mixed mode, sharing, tiered, compressed oops, compressed class ptrs, g1 gc, windows-amd64)
# Problematic frame:
# C  [avutil-55.dll+0x45afd]
#
# No core dump will be written. Minidumps are not enabled by default on client versions of Windows
#
# If you would like to submit a bug report, please visit:
#   https://github.com/adoptium/adoptium-support/issues
# The crash happened outside the Java Virtual Machine in native code.
# See problematic frame for where to report the bug.
#

---------------  S U M M A R Y ------------

Command Line: -XX:+ShowCodeDetailsInExceptionMessages com.personal.ScrapiiApplication

Host: Intel(R) Core(TM) i7-1065G7 CPU @ 1.30GHz, 8 cores, 15G,  Windows 10 , 64 bit Build 19041 (10.0.19041.3636)
Time: Mon Dec 18 07:15:06 2023 Eastern Standard Time elapsed time: 13.563158 seconds (0d 0h 0m 13s)

---------------  T H R E A D  ---------------

Current thread (0x000001f5b1501620):  JavaThread "main" [_thread_in_native, id=14696, stack(0x0000001dfc200000,0x0000001dfc300000)]

Stack: [0x0000001dfc200000,0x0000001dfc300000],  sp=0x0000001dfc2feea8,  free space=1019k
Native frames: (J=compiled Java code, j=interpreted, Vv=VM code, C=native code)
C  [avutil-55.dll+0x45afd]

Java frames: (J=compiled Java code, j=interpreted, Vv=VM code)
J 5257  org.bytedeco.javacpp.avcodec.avcodec_encode_audio2(Lorg/bytedeco/javacpp/avcodec$AVCodecContext;Lorg/bytedeco/javacpp/avcodec$AVPacket;Lorg/bytedeco/javacpp/avutil$AVFrame;[I)I (0 bytes) @ 0x000001f5c0b3b540 [0x000001f5c0b3b4a0+0x00000000000000a0]
J 5262 c1 org.bytedeco.javacv.FFmpegFrameRecorder.record(Lorg/bytedeco/javacpp/avutil$AVFrame;)Z (254 bytes) @ 0x000001f5b91581ac [0x000001f5b9158060+0x000000000000014c]
J 5253 c1 org.bytedeco.javacv.FFmpegFrameRecorder.writeSamples(I)V (204 bytes) @ 0x000001f5b9149474 [0x000001f5b9148b00+0x0000000000000974]
j  org.bytedeco.javacv.FFmpegFrameRecorder.recordSamples(II[Ljava/nio/Buffer;)Z+68
j  org.bytedeco.javacv.FFmpegFrameRecorder.stop()V+69
j  com.personal.VideoMetaData.videoAudioMuxer(Ljava/lang/String;Ljava/lang/String;Ljava/lang/String;)Ljava/lang/String;+145
j  com.personal.Scraper.Traverse(Ljava/lang/String;Ljava/lang/String;ILjava/lang/String;Lorg/springframework/http/ResponseEntity;)Ljava/util/HashSet;+396
j  com.personal.Scraper.Home(Ljava/lang/String;ILjava/lang/String;)Ljava/lang/String;+171
j  com.personal.ScrapiiApplication.main([Ljava/lang/String;)V+33
v  ~StubRoutines::call_stub

siginfo: EXCEPTION_ACCESS_VIOLATION (0xc0000005), reading address 0x000001f71e7284f0


Register to memory mapping:

RIP=0x00007ffd45a15afd avutil-55.dll
RAX=0x0 is NULL
RBX=0x000001f61e4b9240 points into unknown readable memory: 0x00007ffcfe450800 | 00 08 45 fe fc 7f 00 00
RCX=0x000001f61e5cd440 points into unknown readable memory: 0x0000000000000000 | 00 00 00 00 00 00 00 00
RDX=0x000001f61e728500 points into unknown readable memory: 0x0000000000000000 | 00 00 00 00 00 00 00 00
RSP=0x0000001dfc2feea8 is pointing into the stack for thread: 0x000001f5b1501620
RBP=0x000001f61e4f3eb0 points into unknown readable memory: 0x0000000000000000 | 00 00 00 00 00 00 00 00
RSI=0x000001f61e464b40 points into unknown readable memory: 0x000001f61e728500 | 00 85 72 1e f6 01 00 00
RDI=0x000001f61e4b8d80 points into unknown readable memory: 0x00007ffcfe4f5640 | 40 56 4f fe fc 7f 00 00
R8 =0x000001f61e5ce680 points into unknown readable memory: 0x00007ffd45a15990 | 90 59 a1 45 fd 7f 00 00
R9 =0x00000000fffffff0 is an unknown value
R10=0x0000000000000002 is an unknown value
R11=0x0000001dfc2ff020 is pointing into the stack for thread: 0x000001f5b1501620
R12=0x000001f61bb5a880 points into unknown readable memory: 0x0000000000000000 | 00 00 00 00 00 00 00 00
R13=0x0000000000000001 is an unknown value
R14=0x0000000000040000 is an unknown value
R15=0x000001f61e4b8d80 points into unknown readable memory: 0x00007ffcfe4f5640 | 40 56 4f fe fc 7f 00 00


Registers:
RAX=0x0000000000000000, RBX=0x000001f61e4b9240, RCX=0x000001f61e5cd440, RDX=0x000001f61e728500
RSP=0x0000001dfc2feea8, RBP=0x000001f61e4f3eb0, RSI=0x000001f61e464b40, RDI=0x000001f61e4b8d80
R8 =0x000001f61e5ce680, R9 =0x00000000fffffff0, R10=0x0000000000000002, R11=0x0000001dfc2ff020
R12=0x000001f61bb5a880, R13=0x0000000000000001, R14=0x0000000000040000, R15=0x000001f61e4b8d80
RIP=0x00007ffd45a15afd, EFLAGS=0x0000000000010246

Top of Stack: (sp=0x0000001dfc2feea8)
0x0000001dfc2feea8:   00007ffcfd3e8ab0 000001f61ff811c0
0x0000001dfc2feeb8:   00007ffd459d68c3 000001f61ff811c0
0x0000001dfc2feec8:   000001f61ff811c0 000001f61e4e9350
0x0000001dfc2feed8:   0000000001ea50d5 00000000000000c0
0x0000001dfc2feee8:   0000000000000000 0000000000000000
0x0000001dfc2feef8:   000001f61e4da5e0 0000000000000010
0x0000001dfc2fef08:   0000000000000001 0000001dfc2ff110
0x0000001dfc2fef18:   0000000000000000 0000000000000001
0x0000001dfc2fef28:   000001f61e4f3eb0 000001f61e464b40
0x0000001dfc2fef38:   0000000000000480 000001f61bb5a880
0x0000001dfc2fef48:   0000000000000000 000001f61e6e84c0
0x0000001dfc2fef58:   00007ffcfd1b5c6a 0000000000000001
0x0000001dfc2fef68:   00007ffd1812b3a1 0000000000000004
0x0000001dfc2fef78:   000001f5b1501620 000001f5af3a8600
0x0000001dfc2fef88:   00007ffd180cc105 0000001dfc2ff028
0x0000001dfc2fef98:   0000001dfc2ff028 0000000000000000 

Instructions: (pc=0x00007ffd45a15afd)
0x00007ffd45a159fd:   c2 42 0f 28 5c 0a 20 0f 59 da 42 0f 28 64 0a 30
0x00007ffd45a15a0d:   0f 59 e2 42 0f 58 0c 09 42 0f 58 44 09 10 42 0f
0x00007ffd45a15a1d:   58 5c 09 20 42 0f 58 64 09 30 42 0f 29 0c 09 42
0x00007ffd45a15a2d:   0f 29 44 09 10 42 0f 29 5c 09 20 42 0f 29 64 09
0x00007ffd45a15a3d:   30 49 83 e9 40 7d a9 f3 c3 90 90 90 90 90 90 90
0x00007ffd45a15a4d:   90 90 90 c5 e8 c6 d2 00 c4 e3 6d 18 d2 01 67 4e
0x00007ffd45a15a5d:   8d 0c 8d c0 ff ff ff c4 a1 6c 59 0c 0a c4 a1 6c
0x00007ffd45a15a6d:   59 44 0a 20 c4 a1 74 58 0c 09 c4 a1 7c 58 44 09
0x00007ffd45a15a7d:   20 c4 a1 7c 29 0c 09 c4 a1 7c 29 44 09 20 49 83
0x00007ffd45a15a8d:   e9 40 7d d3 c5 f8 77 c3 90 90 90 90 90 90 90 90
0x00007ffd45a15a9d:   90 90 90 c5 e8 c6 d2 00 c4 e3 6d 18 d2 01 67 4e
0x00007ffd45a15aad:   8d 0c 8d c0 ff ff ff c4 a1 7c 28 0c 09 c4 a1 7c
0x00007ffd45a15abd:   28 44 09 20 c4 a2 6d b8 0c 0a c4 a2 6d b8 44 0a
0x00007ffd45a15acd:   20 c4 a1 7c 29 0c 09 c4 a1 7c 29 44 09 20 49 83
0x00007ffd45a15add:   e9 40 7d d3 c5 f8 77 c3 90 90 90 90 90 90 90 90
0x00007ffd45a15aed:   90 90 90 0f c6 d2 00 67 4e 8d 0c 8d f0 ff ff ff
0x00007ffd45a15afd:   42 0f 28 0c 0a 0f 59 ca 42 0f 29 0c 09 49 83 e9
0x00007ffd45a15b0d:   10 7d ed f3 c3 90 90 90 90 90 90 90 90 90 90 90
0x00007ffd45a15b1d:   90 90 90 0f 16 d2 67 4e 8d 0c cd c0 ff ff ff 42
0x00007ffd45a15b2d:   0f 28 0c 0a 66 0f 59 ca 42 0f 28 44 0a 10 66 0f
0x00007ffd45a15b3d:   59 c2 42 0f 28 5c 0a 20 66 0f 59 da 42 0f 28 64
0x00007ffd45a15b4d:   0a 30 66 0f 59 e2 66 42 0f 58 0c 09 66 42 0f 58
0x00007ffd45a15b5d:   44 09 10 66 42 0f 58 5c 09 20 66 42 0f 58 64 09
0x00007ffd45a15b6d:   30 42 0f 29 0c 09 42 0f 29 44 09 10 42 0f 29 5c
0x00007ffd45a15b7d:   09 20 42 0f 29 64 09 30 49 83 e9 40 7d a1 f3 c3
0x00007ffd45a15b8d:   90 90 90 c5 e8 16 d2 c4 e3 6d 18 d2 01 67 4e 8d
0x00007ffd45a15b9d:   0c cd 80 ff ff ff c4 a1 6d 59 0c 0a c4 a1 6d 59
0x00007ffd45a15bad:   44 0a 20 c4 a1 6d 59 5c 0a 40 c4 a1 6d 59 64 0a
0x00007ffd45a15bbd:   60 c4 a1 75 58 0c 09 c4 a1 7d 58 44 09 20 c4 a1
0x00007ffd45a15bcd:   65 58 5c 09 40 c4 a1 5d 58 64 09 60 c4 a1 7c 29
0x00007ffd45a15bdd:   0c 09 c4 a1 7c 29 44 09 20 c4 a1 7c 29 5c 09 40
0x00007ffd45a15bed:   c4 a1 7c 29 64 09 60 49 83 c1 80 7d a9 c5 f8 77 


Stack slot to memory mapping:
stack at sp + 0 slots: 0x00007ffcfd3e8ab0 avcodec-57.dll
stack at sp + 1 slots: 0x000001f61ff811c0 points into unknown readable memory: 0x000001f61ff08f20 | 20 8f f0 1f f6 01 00 00
stack at sp + 2 slots: 0x00007ffd459d68c3 avutil-55.dll
stack at sp + 3 slots: 0x000001f61ff811c0 points into unknown readable memory: 0x000001f61ff08f20 | 20 8f f0 1f f6 01 00 00
stack at sp + 4 slots: 0x000001f61ff811c0 points into unknown readable memory: 0x000001f61ff08f20 | 20 8f f0 1f f6 01 00 00
stack at sp + 5 slots: 0x000001f61e4e9350 points into unknown readable memory: 0x8585858584848484 | 84 84 84 84 85 85 85 85
stack at sp + 6 slots: 0x0000000001ea50d5 is an unknown value
stack at sp + 7 slots: 0x00000000000000c0 is an unknown value


---------------  P R O C E S S  ---------------

Threads class SMR info:
_java_thread_list=0x000001f61d57eee0, length=29, elements={
0x000001f5b1501620, 0x000001f5d41bf750, 0x000001f5d41c14d0, 0x000001f5d41da5b0,
0x000001f5d41db170, 0x000001f5d41ddd40, 0x000001f5d42e2090, 0x000001f5d42e8170,
0x000001f5d42eea90, 0x000001f5d42fab70, 0x000001f5d44945d0, 0x000001f5d449ee40,
0x000001f61be5bcc0, 0x000001f61be5b7b0, 0x000001f61be5cbf0, 0x000001f61be5c1d0,
0x000001f61be5e030, 0x000001f61be5d610, 0x000001f61be5ad90, 0x000001f61be5c6e0,
0x000001f61be5b2a0, 0x000001f61be5d100, 0x000001f61ccfa630, 0x000001f61ccf78a0,
0x000001f61ccf7db0, 0x000001f61ccf5530, 0x000001f61ccf5020, 0x000001f61ccf9c10,
0x000001f61ccf5f50
}

Java Threads: ( => current thread )
=>0x000001f5b1501620 JavaThread "main" [_thread_in_native, id=14696, stack(0x0000001dfc200000,0x0000001dfc300000)]
  0x000001f5d41bf750 JavaThread "Reference Handler" daemon [_thread_blocked, id=33572, stack(0x0000001dfc900000,0x0000001dfca00000)]
  0x000001f5d41c14d0 JavaThread "Finalizer" daemon [_thread_blocked, id=31260, stack(0x0000001dfca00000,0x0000001dfcb00000)]
  0x000001f5d41da5b0 JavaThread "Signal Dispatcher" daemon [_thread_blocked, id=21652, stack(0x0000001dfcb00000,0x0000001dfcc00000)]
  0x000001f5d41db170 JavaThread "Attach Listener" daemon [_thread_blocked, id=29844, stack(0x0000001dfcc00000,0x0000001dfcd00000)]
  0x000001f5d41ddd40 JavaThread "Service Thread" daemon [_thread_blocked, id=31344, stack(0x0000001dfcd00000,0x0000001dfce00000)]
  0x000001f5d42e2090 JavaThread "Monitor Deflation Thread" daemon [_thread_blocked, id=9084, stack(0x0000001dfce00000,0x0000001dfcf00000)]
  0x000001f5d42e8170 JavaThread "C2 CompilerThread0" daemon [_thread_blocked, id=33712, stack(0x0000001dfcf00000,0x0000001dfd000000)]
  0x000001f5d42eea90 JavaThread "C1 CompilerThread0" daemon [_thread_blocked, id=17024, stack(0x0000001dfd000000,0x0000001dfd100000)]
  0x000001f5d42fab70 JavaThread "Sweeper thread" daemon [_thread_blocked, id=15716, stack(0x0000001dfd100000,0x0000001dfd200000)]
  0x000001f5d44945d0 JavaThread "Notification Thread" daemon [_thread_blocked, id=28552, stack(0x0000001dfd200000,0x0000001dfd300000)]
  0x000001f5d449ee40 JavaThread "Common-Cleaner" daemon [_thread_blocked, id=23668, stack(0x0000001dfd400000,0x0000001dfd500000)]
  0x000001f61be5bcc0 JavaThread "Catalina-utility-1" [_thread_blocked, id=33580, stack(0x0000001dfdf00000,0x0000001dfe000000)]
  0x000001f61be5b7b0 JavaThread "Catalina-utility-2" [_thread_blocked, id=14592, stack(0x0000001dfe000000,0x0000001dfe100000)]
  0x000001f61be5cbf0 JavaThread "container-0" [_thread_blocked, id=30480, stack(0x0000001dfe100000,0x0000001dfe200000)]
  0x000001f61be5c1d0 JavaThread "http-nio-8080-exec-1" daemon [_thread_blocked, id=22356, stack(0x0000001dfe200000,0x0000001dfe300000)]
  0x000001f61be5e030 JavaThread "http-nio-8080-exec-2" daemon [_thread_blocked, id=31800, stack(0x0000001dfe300000,0x0000001dfe400000)]
  0x000001f61be5d610 JavaThread "http-nio-8080-exec-3" daemon [_thread_blocked, id=10032, stack(0x0000001dfe400000,0x0000001dfe500000)]
  0x000001f61be5ad90 JavaThread "http-nio-8080-exec-4" daemon [_thread_blocked, id=12568, stack(0x0000001dfe500000,0x0000001dfe600000)]
  0x000001f61be5c6e0 JavaThread "http-nio-8080-exec-5" daemon [_thread_blocked, id=26480, stack(0x0000001dfe600000,0x0000001dfe700000)]
  0x000001f61be5b2a0 JavaThread "http-nio-8080-exec-6" daemon [_thread_blocked, id=26644, stack(0x0000001dfe700000,0x0000001dfe800000)]
  0x000001f61be5d100 JavaThread "http-nio-8080-exec-7" daemon [_thread_blocked, id=32312, stack(0x0000001dfe800000,0x0000001dfe900000)]
  0x000001f61ccfa630 JavaThread "http-nio-8080-exec-8" daemon [_thread_blocked, id=20412, stack(0x0000001dfe900000,0x0000001dfea00000)]
  0x000001f61ccf78a0 JavaThread "http-nio-8080-exec-9" daemon [_thread_blocked, id=28700, stack(0x0000001dfea00000,0x0000001dfeb00000)]
  0x000001f61ccf7db0 JavaThread "http-nio-8080-exec-10" daemon [_thread_blocked, id=17204, stack(0x0000001dfeb00000,0x0000001dfec00000)]
  0x000001f61ccf5530 JavaThread "http-nio-8080-Poller" daemon [_thread_in_native, id=31080, stack(0x0000001dfec00000,0x0000001dfed00000)]
  0x000001f61ccf5020 JavaThread "http-nio-8080-Acceptor" daemon [_thread_in_native, id=13480, stack(0x0000001dfed00000,0x0000001dfee00000)]
  0x000001f61ccf9c10 JavaThread "Keep-Alive-Timer" daemon [_thread_blocked, id=13352, stack(0x0000001dfdb00000,0x0000001dfdc00000)]
  0x000001f61ccf5f50 JavaThread "JavaCPP Deallocator" daemon [_thread_blocked, id=33356, stack(0x0000001dfee00000,0x0000001dfef00000)]

Other Threads:
  0x000001f5d41b9e30 VMThread "VM Thread" [stack: 0x0000001dfc800000,0x0000001dfc900000] [id=12748]
  0x000001f5b158a6f0 WatcherThread [stack: 0x0000001dfd300000,0x0000001dfd400000] [id=10976]
  0x000001f5b1572e80 GCTaskThread "GC Thread#0" [stack: 0x0000001dfc300000,0x0000001dfc400000] [id=5308]
  0x000001f61a539e20 GCTaskThread "GC Thread#1" [stack: 0x0000001dfd600000,0x0000001dfd700000] [id=32828]
  0x000001f61a0b7ba0 GCTaskThread "GC Thread#2" [stack: 0x0000001dfd700000,0x0000001dfd800000] [id=6860]
  0x000001f61a4cd6f0 GCTaskThread "GC Thread#3" [stack: 0x0000001dfd800000,0x0000001dfd900000] [id=5932]
  0x000001f61a4cd9b0 GCTaskThread "GC Thread#4" [stack: 0x0000001dfd900000,0x0000001dfda00000] [id=22628]
  0x000001f5d4cdc450 GCTaskThread "GC Thread#5" [stack: 0x0000001dfda00000,0x0000001dfdb00000] [id=15332]
  0x000001f61a93dcc0 GCTaskThread "GC Thread#6" [stack: 0x0000001dfdd00000,0x0000001dfde00000] [id=29644]
  0x000001f61a9f87d0 GCTaskThread "GC Thread#7" [stack: 0x0000001dfde00000,0x0000001dfdf00000] [id=15268]
  0x000001f5b1583760 ConcurrentGCThread "G1 Main Marker" [stack: 0x0000001dfc400000,0x0000001dfc500000] [id=5096]
  0x000001f5b1584170 ConcurrentGCThread "G1 Conc#0" [stack: 0x0000001dfc500000,0x0000001dfc600000] [id=13672]
  0x000001f61b60d890 ConcurrentGCThread "G1 Conc#1" [stack: 0x0000001dfdc00000,0x0000001dfdd00000] [id=6120]
  0x000001f5b15adf40 ConcurrentGCThread "G1 Refine#0" [stack: 0x0000001dfc600000,0x0000001dfc700000] [id=17544]
  0x000001f5b15ae970 ConcurrentGCThread "G1 Service" [stack: 0x0000001dfc700000,0x0000001dfc800000] [id=4944]

Threads with active compile tasks:

VM state: not at safepoint (normal execution)

VM Mutex/Monitor currently owned by a thread: None

Heap address: 0x0000000706600000, size: 3994 MB, Compressed Oops mode: Zero based, Oop shift amount: 3

CDS archive(s) mapped at: [0x000001f5d5000000-0x000001f5d5bd0000-0x000001f5d5bd0000), size 12386304, SharedBaseAddress: 0x000001f5d5000000, ArchiveRelocationMode: 1.
Compressed class space mapped at: 0x000001f5d6000000-0x000001f616000000, reserved size: 1073741824
Narrow klass base: 0x000001f5d5000000, Narrow klass shift: 0, Narrow klass range: 0x100000000

GC Precious Log:
 CPUs: 8 total, 8 available
 Memory: 15970M
 Large Page Support: Disabled
 NUMA Support: Disabled
 Compressed Oops: Enabled (Zero based)
 Heap Region Size: 2M
 Heap Min Capacity: 8M
 Heap Initial Capacity: 250M
 Heap Max Capacity: 3994M
 Pre-touch: Disabled
 Parallel Workers: 8
 Concurrent Workers: 2
 Concurrent Refinement Workers: 8
 Periodic GC: Disabled

Heap:
 garbage-first heap   total 61440K, used 31814K [0x0000000706600000, 0x0000000800000000)
  region size 2048K, 6 young (12288K), 1 survivors (2048K)
 Metaspace       used 42558K, committed 43072K, reserved 1114112K
  class space    used 5402K, committed 5632K, reserved 1048576K

Heap Regions: E=young(eden), S=young(survivor), O=old, HS=humongous(starts), HC=humongous(continues), CS=collection set, F=free, OA=open archive, CA=closed archive, TAMS=top-at-mark-start (previous, next)
|   0|0x0000000706600000, 0x0000000706800000, 0x0000000706800000|100%| O|  |TAMS 0x0000000706800000, 0x0000000706600000| Untracked 
|   1|0x0000000706800000, 0x0000000706a00000, 0x0000000706a00000|100%| O|  |TAMS 0x0000000706a00000, 0x0000000706800000| Untracked 
|   2|0x0000000706a00000, 0x0000000706c00000, 0x0000000706c00000|100%| O|  |TAMS 0x0000000706c00000, 0x0000000706a00000| Untracked 
|   3|0x0000000706c00000, 0x0000000706e00000, 0x0000000706e00000|100%| O|  |TAMS 0x0000000706e00000, 0x0000000706c00000| Untracked 
|   4|0x0000000706e00000, 0x0000000707000000, 0x0000000707000000|100%| O|  |TAMS 0x0000000707000000, 0x0000000706e00000| Untracked 
|   5|0x0000000707000000, 0x0000000707200000, 0x0000000707200000|100%| O|  |TAMS 0x0000000707200000, 0x0000000707000000| Untracked 
|   6|0x0000000707200000, 0x0000000707400000, 0x0000000707400000|100%| O|  |TAMS 0x0000000707400000, 0x0000000707200000| Untracked 
|   7|0x0000000707400000, 0x0000000707600000, 0x0000000707600000|100%| O|  |TAMS 0x0000000707600000, 0x0000000707400000| Untracked 
|   8|0x0000000707600000, 0x0000000707800000, 0x0000000707800000|100%| O|  |TAMS 0x0000000707800000, 0x0000000707600000| Untracked 
|   9|0x0000000707800000, 0x0000000707947400, 0x0000000707a00000| 63%| O|  |TAMS 0x000000070789c800, 0x0000000707800000| Untracked 
|  10|0x0000000707a00000, 0x0000000707a00000, 0x0000000707c00000|  0%| F|  |TAMS 0x0000000707a00000, 0x0000000707a00000| Untracked 
|  11|0x0000000707c00000, 0x0000000707c00000, 0x0000000707e00000|  0%| F|  |TAMS 0x0000000707c00000, 0x0000000707c00000| Untracked 
|  12|0x0000000707e00000, 0x0000000708000000, 0x0000000708000000|100%| O|  |TAMS 0x0000000708000000, 0x0000000707e00000| Untracked 
|  13|0x0000000708000000, 0x0000000708000000, 0x0000000708200000|  0%| F|  |TAMS 0x0000000708000000, 0x0000000708000000| Untracked 
|  14|0x0000000708200000, 0x0000000708200000, 0x0000000708400000|  0%| F|  |TAMS 0x0000000708200000, 0x0000000708200000| Untracked 
|  15|0x0000000708400000, 0x0000000708400000, 0x0000000708600000|  0%| F|  |TAMS 0x0000000708400000, 0x0000000708400000| Untracked 
|  16|0x0000000708600000, 0x0000000708600000, 0x0000000708800000|  0%| F|  |TAMS 0x0000000708600000, 0x0000000708600000| Untracked 
|  17|0x0000000708800000, 0x0000000708800000, 0x0000000708a00000|  0%| F|  |TAMS 0x0000000708800000, 0x0000000708800000| Untracked 
|  18|0x0000000708a00000, 0x0000000708a00000, 0x0000000708c00000|  0%| F|  |TAMS 0x0000000708a00000, 0x0000000708a00000| Untracked 
|  19|0x0000000708c00000, 0x0000000708c00000, 0x0000000708e00000|  0%| F|  |TAMS 0x0000000708c00000, 0x0000000708c00000| Untracked 
|  20|0x0000000708e00000, 0x0000000708fca4c0, 0x0000000709000000| 89%| S|CS|TAMS 0x0000000708e00000, 0x0000000708e00000| Complete 
|  21|0x0000000709000000, 0x0000000709000000, 0x0000000709200000|  0%| F|  |TAMS 0x0000000709000000, 0x0000000709000000| Untracked 
|  22|0x0000000709200000, 0x0000000709200000, 0x0000000709400000|  0%| F|  |TAMS 0x0000000709200000, 0x0000000709200000| Untracked 
|  23|0x0000000709400000, 0x0000000709400000, 0x0000000709600000|  0%| F|  |TAMS 0x0000000709400000, 0x0000000709400000| Untracked 
|  24|0x0000000709600000, 0x0000000709600000, 0x0000000709800000|  0%| F|  |TAMS 0x0000000709600000, 0x0000000709600000| Untracked 
| 107|0x0000000713c00000, 0x0000000713dcf788, 0x0000000713e00000| 90%| E|  |TAMS 0x0000000713c00000, 0x0000000713c00000| Complete 
| 108|0x0000000713e00000, 0x0000000714000000, 0x0000000714000000|100%| E|CS|TAMS 0x0000000713e00000, 0x0000000713e00000| Complete 
| 109|0x0000000714000000, 0x0000000714200000, 0x0000000714200000|100%| E|CS|TAMS 0x0000000714000000, 0x0000000714000000| Complete 
| 110|0x0000000714200000, 0x0000000714400000, 0x0000000714400000|100%| E|CS|TAMS 0x0000000714200000, 0x0000000714200000| Complete 
| 124|0x0000000715e00000, 0x0000000716000000, 0x0000000716000000|100%| E|CS|TAMS 0x0000000715e00000, 0x0000000715e00000| Complete 

Card table byte_map: [0x000001f5c8ae0000,0x000001f5c92b0000] _byte_map_base: 0x000001f5c52ad000

Marking Bits (Prev, Next): (CMBitMap*) 0x000001f5b15734e0, (CMBitMap*) 0x000001f5b15734a0
 Prev Bits: [0x000001f5cd8f0000, 0x000001f5d1758000)
 Next Bits: [0x000001f5c9a80000, 0x000001f5cd8e8000)

Polling page: 0x000001f5b0cb0000

Metaspace:

Usage:
  Non-class:     36.28 MB used.
      Class:      5.28 MB used.
       Both:     41.56 MB used.

Virtual space:
  Non-class space:       64.00 MB reserved,      36.56 MB ( 57%) committed,  1 nodes.
      Class space:        1.00 GB reserved,       5.50 MB ( <1%) committed,  1 nodes.
             Both:        1.06 GB reserved,      42.06 MB (  4%) committed. 

Chunk freelists:
   Non-Class:  10.59 MB
       Class:  10.55 MB
        Both:  21.14 MB

MaxMetaspaceSize: unlimited
CompressedClassSpaceSize: 1.00 GB
Initial GC threshold: 21.00 MB
Current GC threshold: 69.31 MB
CDS: on
MetaspaceReclaimPolicy: balanced
 - commit_granule_bytes: 65536.
 - commit_granule_words: 8192.
 - virtual_space_node_default_size: 8388608.
 - enlarge_chunks_in_place: 1.
 - new_chunks_are_fully_committed: 0.
 - uncommit_free_chunks: 1.
 - use_allocation_guard: 0.
 - handle_deallocations: 1.


Internal statistics:

num_allocs_failed_limit: 12.
num_arena_births: 646.
num_arena_deaths: 0.
num_vsnodes_births: 2.
num_vsnodes_deaths: 0.
num_space_committed: 673.
num_space_uncommitted: 0.
num_chunks_returned_to_freelist: 12.
num_chunks_taken_from_freelist: 2014.
num_chunk_merges: 6.
num_chunk_splits: 1317.
num_chunks_enlarged: 931.
num_inconsistent_stats: 0.

CodeHeap 'non-profiled nmethods': size=120000Kb used=2983Kb max_used=3099Kb free=117016Kb
 bounds [0x000001f5c0ab0000, 0x000001f5c0dc0000, 0x000001f5c7fe0000]
CodeHeap 'profiled nmethods': size=120000Kb used=9132Kb max_used=10273Kb free=110867Kb
 bounds [0x000001f5b8fe0000, 0x000001f5b9a10000, 0x000001f5c0510000]
CodeHeap 'non-nmethods': size=5760Kb used=1305Kb max_used=1341Kb free=4454Kb
 bounds [0x000001f5c0510000, 0x000001f5c0780000, 0x000001f5c0ab0000]
 total_blobs=5101 nmethods=4492 adapters=520
 compilation: enabled
              stopped_count=0, restarted_count=0
 full_count=0

Compilation events (20 events):
Event: 12.916 Thread 0x000001f5d42eea90 5245       3       java.nio.DirectByteBuffer::asShortBuffer (179 bytes)
Event: 12.917 Thread 0x000001f5d42eea90 nmethod 5245 0x000001f5b96d5090 code [0x000001f5b96d5260, 0x000001f5b96d55f8]
Event: 12.917 Thread 0x000001f5d42eea90 5246       3       java.nio.DirectShortBufferU::<init> (51 bytes)
Event: 12.917 Thread 0x000001f5d42eea90 nmethod 5246 0x000001f5b97cf810 code [0x000001f5b97cf9e0, 0x000001f5b97cfdd8]
Event: 12.922 Thread 0x000001f5d42eea90 5253       3       org.bytedeco.javacv.FFmpegFrameRecorder::writeSamples (204 bytes)
Event: 12.922 Thread 0x000001f5d42eea90 nmethod 5253 0x000001f5b9148890 code [0x000001f5b9148b00, 0x000001f5b91496e8]
Event: 12.928 Thread 0x000001f5d42eea90 5254       3       org.bytedeco.javacpp.PointerPointer::put (31 bytes)
Event: 12.929 Thread 0x000001f5d42eea90 nmethod 5254 0x000001f5b97cf290 code [0x000001f5b97cf440, 0x000001f5b97cf6c8]
Event: 13.025 Thread 0x000001f5d42eea90 5258       3       java.nio.ShortBuffer::<init> (24 bytes)
Event: 13.025 Thread 0x000001f5d42eea90 nmethod 5258 0x000001f5b95c7f10 code [0x000001f5b95c80c0, 0x000001f5b95c8268]
Event: 13.025 Thread 0x000001f5d42eea90 5259       3       org.bytedeco.javacpp.ShortPointer::limit (6 bytes)
Event: 13.026 Thread 0x000001f5d42eea90 nmethod 5259 0x000001f5b95c7a90 code [0x000001f5b95c7c40, 0x000001f5b95c7e18]
Event: 13.026 Thread 0x000001f5d42eea90 5260       3       org.bytedeco.javacpp.ShortPointer::limit (9 bytes)
Event: 13.026 Thread 0x000001f5d42eea90 nmethod 5260 0x000001f5b95c7690 code [0x000001f5b95c7820, 0x000001f5b95c7998]
Event: 13.026 Thread 0x000001f5d42eea90 5261       3       java.nio.ShortBuffer::<init> (14 bytes)
Event: 13.026 Thread 0x000001f5d42eea90 nmethod 5261 0x000001f5b95c7290 code [0x000001f5b95c7440, 0x000001f5b95c7588]
Event: 13.045 Thread 0x000001f5d42eea90 5262       3       org.bytedeco.javacv.FFmpegFrameRecorder::record (254 bytes)
Event: 13.046 Thread 0x000001f5d42eea90 nmethod 5262 0x000001f5b9157c90 code [0x000001f5b9158060, 0x000001f5b9158fc8]
Event: 13.480 Thread 0x000001f5d42e8170 5263       4       org.bytedeco.javacv.FFmpegFrameRecorder::recordSamples (1587 bytes)
Event: 13.529 Thread 0x000001f5d42e8170 nmethod 5263 0x000001f5c0c0e410 code [0x000001f5c0c0e7a0, 0x000001f5c0c10430]

GC Heap History (20 events):
Event: 1.558 GC heap before
{Heap before GC invocations=1 (full 0):
 garbage-first heap   total 256000K, used 29337K [0x0000000706600000, 0x0000000800000000)
  region size 2048K, 13 young (26624K), 2 survivors (4096K)
 Metaspace       used 10194K, committed 10432K, reserved 1114112K
  class space    used 1233K, committed 1344K, reserved 1048576K
}
Event: 1.564 GC heap after
{Heap after GC invocations=2 (full 0):
 garbage-first heap   total 256000K, used 8862K [0x0000000706600000, 0x0000000800000000)
  region size 2048K, 1 young (2048K), 1 survivors (2048K)
 Metaspace       used 10194K, committed 10432K, reserved 1114112K
  class space    used 1233K, committed 1344K, reserved 1048576K
}
Event: 2.927 GC heap before
{Heap before GC invocations=2 (full 0):
 garbage-first heap   total 256000K, used 58014K [0x0000000706600000, 0x0000000800000000)
  region size 2048K, 26 young (53248K), 1 survivors (2048K)
 Metaspace       used 16958K, committed 17216K, reserved 1114112K
  class space    used 2074K, committed 2176K, reserved 1048576K
}
Event: 2.936 GC heap after
{Heap after GC invocations=3 (full 0):
 garbage-first heap   total 256000K, used 11652K [0x0000000706600000, 0x0000000800000000)
  region size 2048K, 3 young (6144K), 3 survivors (6144K)
 Metaspace       used 16958K, committed 17216K, reserved 1114112K
  class space    used 2074K, committed 2176K, reserved 1048576K
}
Event: 3.828 GC heap before
{Heap before GC invocations=3 (full 0):
 garbage-first heap   total 256000K, used 38276K [0x0000000706600000, 0x0000000800000000)
  region size 2048K, 17 young (34816K), 3 survivors (6144K)
 Metaspace       used 21199K, committed 21504K, reserved 1114112K
  class space    used 2668K, committed 2816K, reserved 1048576K
}
Event: 3.834 GC heap after
{Heap after GC invocations=4 (full 0):
 garbage-first heap   total 256000K, used 13745K [0x0000000706600000, 0x0000000800000000)
  region size 2048K, 4 young (8192K), 4 survivors (8192K)
 Metaspace       used 21199K, committed 21504K, reserved 1114112K
  class space    used 2668K, committed 2816K, reserved 1048576K
}
Event: 5.013 GC heap before
{Heap before GC invocations=5 (full 0):
 garbage-first heap   total 61440K, used 42417K [0x0000000706600000, 0x0000000800000000)
  region size 2048K, 18 young (36864K), 4 survivors (8192K)
 Metaspace       used 26503K, committed 26944K, reserved 1114112K
  class space    used 3385K, committed 3584K, reserved 1048576K
}
Event: 5.025 GC heap after
{Heap after GC invocations=6 (full 0):
 garbage-first heap   total 61440K, used 16820K [0x0000000706600000, 0x0000000800000000)
  region size 2048K, 3 young (6144K), 3 survivors (6144K)
 Metaspace       used 26503K, committed 26944K, reserved 1114112K
  class space    used 3385K, committed 3584K, reserved 1048576K
}
Event: 5.117 GC heap before
{Heap before GC invocations=6 (full 0):
 garbage-first heap   total 61440K, used 18868K [0x0000000706600000, 0x0000000800000000)
  region size 2048K, 4 young (8192K), 3 survivors (6144K)
 Metaspace       used 26711K, committed 27072K, reserved 1114112K
  class space    used 3413K, committed 3584K, reserved 1048576K
}
Event: 5.122 GC heap after
{Heap after GC invocations=7 (full 0):
 garbage-first heap   total 61440K, used 17687K [0x0000000706600000, 0x0000000800000000)
  region size 2048K, 1 young (2048K), 1 survivors (2048K)
 Metaspace       used 26711K, committed 27072K, reserved 1114112K
  class space    used 3413K, committed 3584K, reserved 1048576K
}
Event: 5.829 GC heap before
{Heap before GC invocations=7 (full 0):
 garbage-first heap   total 61440K, used 40215K [0x0000000706600000, 0x0000000800000000)
  region size 2048K, 12 young (24576K), 1 survivors (2048K)
 Metaspace       used 29716K, committed 30144K, reserved 1114112K
  class space    used 3852K, committed 4096K, reserved 1048576K
}
Event: 5.833 GC heap after
{Heap after GC invocations=8 (full 0):
 garbage-first heap   total 61440K, used 19050K [0x0000000706600000, 0x0000000800000000)
  region size 2048K, 2 young (4096K), 2 survivors (4096K)
 Metaspace       used 29716K, committed 30144K, reserved 1114112K
  class space    used 3852K, committed 4096K, reserved 1048576K
}
Event: 6.637 GC heap before
{Heap before GC invocations=8 (full 0):
 garbage-first heap   total 61440K, used 41578K [0x0000000706600000, 0x0000000800000000)
  region size 2048K, 13 young (26624K), 2 survivors (4096K)
 Metaspace       used 35124K, committed 35648K, reserved 1114112K
  class space    used 4563K, committed 4800K, reserved 1048576K
}
Event: 6.643 GC heap after
{Heap after GC invocations=9 (full 0):
 garbage-first heap   total 61440K, used 21224K [0x0000000706600000, 0x0000000800000000)
  region size 2048K, 2 young (4096K), 2 survivors (4096K)
 Metaspace       used 35124K, committed 35648K, reserved 1114112K
  class space    used 4563K, committed 4800K, reserved 1048576K
}
Event: 6.690 GC heap before
{Heap before GC invocations=9 (full 0):
 garbage-first heap   total 61440K, used 23272K [0x0000000706600000, 0x0000000800000000)
  region size 2048K, 4 young (8192K), 2 survivors (4096K)
 Metaspace       used 35562K, committed 35968K, reserved 1114112K
  class space    used 4620K, committed 4800K, reserved 1048576K
}
Event: 6.694 GC heap after
{Heap after GC invocations=10 (full 0):
 garbage-first heap   total 61440K, used 22146K [0x0000000706600000, 0x0000000800000000)
  region size 2048K, 1 young (2048K), 1 survivors (2048K)
 Metaspace       used 35562K, committed 35968K, reserved 1114112K
  class space    used 4620K, committed 4800K, reserved 1048576K
}
Event: 9.566 GC heap before
{Heap before GC invocations=11 (full 0):
 garbage-first heap   total 61440K, used 40578K [0x0000000706600000, 0x0000000800000000)
  region size 2048K, 11 young (22528K), 1 survivors (2048K)
 Metaspace       used 42045K, committed 42496K, reserved 1114112K
  class space    used 5362K, committed 5568K, reserved 1048576K
}
Event: 9.569 GC heap after
{Heap after GC invocations=12 (full 0):
 garbage-first heap   total 61440K, used 23357K [0x0000000706600000, 0x0000000800000000)
  region size 2048K, 2 young (4096K), 2 survivors (4096K)
 Metaspace       used 42045K, committed 42496K, reserved 1114112K
  class space    used 5362K, committed 5568K, reserved 1048576K
}
Event: 10.564 GC heap before
{Heap before GC invocations=13 (full 0):
 garbage-first heap   total 61440K, used 41789K [0x0000000706600000, 0x0000000800000000)
  region size 2048K, 11 young (22528K), 2 survivors (4096K)
 Metaspace       used 42338K, committed 42816K, reserved 1114112K
  class space    used 5397K, committed 5632K, reserved 1048576K
}
Event: 10.566 GC heap after
{Heap after GC invocations=14 (full 0):
 garbage-first heap   total 61440K, used 23622K [0x0000000706600000, 0x0000000800000000)
  region size 2048K, 1 young (2048K), 1 survivors (2048K)
 Metaspace       used 42338K, committed 42816K, reserved 1114112K
  class space    used 5397K, committed 5632K, reserved 1048576K
}

Dll operation events (20 events):
Event: 4.589 Loaded shared library C:\Users\18608\AppData\Local\Programs\Eclipse Adoptium\jdk-17.0.8.101-hotspot\bin\sunmscapi.dll
Event: 4.599 Loaded shared library C:\Users\18608\AppData\Local\Programs\Eclipse Adoptium\jdk-17.0.8.101-hotspot\bin\management.dll
Event: 4.602 Loaded shared library C:\Users\18608\AppData\Local\Programs\Eclipse Adoptium\jdk-17.0.8.101-hotspot\bin\management_ext.dll
Event: 4.711 Loaded shared library C:\Users\18608\AppData\Local\Programs\Eclipse Adoptium\jdk-17.0.8.101-hotspot\bin\verify.dll
Event: 8.750 Loaded shared library C:\Users\18608\.javacpp\cache\ffmpeg-3.4.2-1.4.1-windows-x86_64.jar\org\bytedeco\javacpp\windows-x86_64\avutil-55.dll
Event: 8.773 Loaded shared library C:\Users\18608\.javacpp\cache\ffmpeg-3.4.2-1.4.1-windows-x86_64.jar\org\bytedeco\javacpp\windows-x86_64\jniavutil.dll
Event: 8.875 Loaded shared library C:\Users\18608\.javacpp\cache\ffmpeg-3.4.2-1.4.1-windows-x86_64.jar\org\bytedeco\javacpp\windows-x86_64\swresample-2.dll
Event: 8.911 Loaded shared library C:\Users\18608\.javacpp\cache\ffmpeg-3.4.2-1.4.1-windows-x86_64.jar\org\bytedeco\javacpp\windows-x86_64\jniswresample.dll
Event: 9.009 Loaded shared library C:\Users\18608\.javacpp\cache\ffmpeg-3.4.2-1.4.1-windows-x86_64.jar\org\bytedeco\javacpp\windows-x86_64\avcodec-57.dll
Event: 9.058 Loaded shared library C:\Users\18608\.javacpp\cache\ffmpeg-3.4.2-1.4.1-windows-x86_64.jar\org\bytedeco\javacpp\windows-x86_64\jniavcodec.dll
Event: 9.233 Loaded shared library C:\Users\18608\.javacpp\cache\ffmpeg-3.4.2-1.4.1-windows-x86_64.jar\org\bytedeco\javacpp\windows-x86_64\avformat-57.dll
Event: 9.326 Loaded shared library C:\Users\18608\.javacpp\cache\ffmpeg-3.4.2-1.4.1-windows-x86_64.jar\org\bytedeco\javacpp\windows-x86_64\jniavformat.dll
Event: 9.513 Loaded shared library C:\Users\18608\.javacpp\cache\ffmpeg-3.4.2-1.4.1-windows-x86_64.jar\org\bytedeco\javacpp\windows-x86_64\swscale-4.dll
Event: 9.535 Loaded shared library C:\Users\18608\.javacpp\cache\ffmpeg-3.4.2-1.4.1-windows-x86_64.jar\org\bytedeco\javacpp\windows-x86_64\jniswscale.dll
Event: 9.597 Loaded shared library C:\Users\18608\.javacpp\cache\ffmpeg-3.4.2-1.4.1-windows-x86_64.jar\org\bytedeco\javacpp\windows-x86_64\postproc-54.dll
Event: 9.626 Loaded shared library C:\Users\18608\.javacpp\cache\ffmpeg-3.4.2-1.4.1-windows-x86_64.jar\org\bytedeco\javacpp\windows-x86_64\jnipostproc.dll
Event: 9.676 Loaded shared library C:\Users\18608\.javacpp\cache\ffmpeg-3.4.2-1.4.1-windows-x86_64.jar\org\bytedeco\javacpp\windows-x86_64\avfilter-6.dll
Event: 9.718 Loaded shared library C:\Users\18608\.javacpp\cache\ffmpeg-3.4.2-1.4.1-windows-x86_64.jar\org\bytedeco\javacpp\windows-x86_64\jniavfilter.dll
Event: 9.764 Loaded shared library C:\Users\18608\.javacpp\cache\ffmpeg-3.4.2-1.4.1-windows-x86_64.jar\org\bytedeco\javacpp\windows-x86_64\avdevice-57.dll
Event: 9.806 Loaded shared library C:\Users\18608\.javacpp\cache\ffmpeg-3.4.2-1.4.1-windows-x86_64.jar\org\bytedeco\javacpp\windows-x86_64\jniavdevice.dll

Deoptimization events (20 events):
Event: 8.471 Thread 0x000001f5b1501620 DEOPT PACKING pc=0x000001f5b90ea6d6 sp=0x0000001dfc2fe4a0
Event: 8.471 Thread 0x000001f5b1501620 DEOPT UNPACKING pc=0x000001f5c056ace3 sp=0x0000001dfc2fd990 mode 0
Event: 8.473 Thread 0x000001f5b1501620 DEOPT PACKING pc=0x000001f5b90ea6d6 sp=0x0000001dfc2fe4a0
Event: 8.473 Thread 0x000001f5b1501620 DEOPT UNPACKING pc=0x000001f5c056ace3 sp=0x0000001dfc2fd990 mode 0
Event: 8.665 Thread 0x000001f5b1501620 DEOPT PACKING pc=0x000001f5b90839a8 sp=0x0000001dfc2fe600
Event: 8.665 Thread 0x000001f5b1501620 DEOPT UNPACKING pc=0x000001f5c056ace3 sp=0x0000001dfc2fda98 mode 0
Event: 9.685 Thread 0x000001f5b1501620 DEOPT PACKING pc=0x000001f5b94232ed sp=0x0000001dfc2fdd10
Event: 9.686 Thread 0x000001f5b1501620 DEOPT UNPACKING pc=0x000001f5c056ace3 sp=0x0000001dfc2fd198 mode 0
Event: 9.748 Thread 0x000001f5b1501620 DEOPT PACKING pc=0x000001f5b974b1a9 sp=0x0000001dfc2fdcf0
Event: 9.748 Thread 0x000001f5b1501620 DEOPT UNPACKING pc=0x000001f5c056ace3 sp=0x0000001dfc2fd1e8 mode 0
Event: 10.149 Thread 0x000001f5b1501620 DEOPT PACKING pc=0x000001f5b9081f74 sp=0x0000001dfc2fe3e0
Event: 10.149 Thread 0x000001f5b1501620 DEOPT UNPACKING pc=0x000001f5c056ace3 sp=0x0000001dfc2fd960 mode 0
Event: 12.869 Thread 0x000001f61ccf9c10 Uncommon trap: trap_request=0xffffff45 fr.pc=0x000001f5c0b5e01c relative=0x000000000000025c
Event: 12.869 Thread 0x000001f61ccf9c10 Uncommon trap: reason=unstable_if action=reinterpret pc=0x000001f5c0b5e01c method=java.lang.ThreadLocal.get()Ljava/lang/Object; @ 11 c2
Event: 12.869 Thread 0x000001f61ccf9c10 DEOPT PACKING pc=0x000001f5c0b5e01c sp=0x0000001dfdbfecb0
Event: 12.869 Thread 0x000001f61ccf9c10 DEOPT UNPACKING pc=0x000001f5c056a1a3 sp=0x0000001dfdbfec48 mode 2
Event: 13.538 Thread 0x000001f5b1501620 Uncommon trap: trap_request=0xffffff45 fr.pc=0x000001f5c0c10238 relative=0x0000000000001a98
Event: 13.538 Thread 0x000001f5b1501620 Uncommon trap: reason=unstable_if action=reinterpret pc=0x000001f5c0c10238 method=org.bytedeco.javacv.FFmpegFrameRecorder.recordSamples(II[Ljava/nio/Buffer;)Z @ 19 c2
Event: 13.538 Thread 0x000001f5b1501620 DEOPT PACKING pc=0x000001f5c0c10238 sp=0x0000001dfc2ff300
Event: 13.538 Thread 0x000001f5b1501620 DEOPT UNPACKING pc=0x000001f5c056a1a3 sp=0x0000001dfc2ff2d8 mode 2

Classes unloaded (0 events):
No events

Classes redefined (0 events):
No events

Internal exceptions (20 events):
Event: 5.540 Thread 0x000001f5b1501620 Implicit null exception at 0x000001f5c0c5371f to 0x000001f5c0c53d68
Event: 5.576 Thread 0x000001f5b1501620 Exception <a 'java/lang/NoSuchMethodError'{0x00000007093ff4f0}: 'java.lang.Object java.lang.invoke.DirectMethodHandle$Holder.newInvokeSpecial(java.lang.Object, java.lang.Object, java.lang.Object, java.lang.Object, java.lang.Object, java.lang.Object, java.lang.Object, java.lang.Object, java.lang.Object)'> (0x00000007093ff4f0) 
thrown [s\src\hotspot\share\interpreter\linkResolver.cpp, line 759]
Event: 5.576 Thread 0x000001f5b1501620 Exception <a 'java/lang/NoSuchMethodError'{0x00000007090046f8}: 'java.lang.Object java.lang.invoke.Invokers$Holder.linkToTargetMethod(java.lang.Object, java.lang.Object, java.lang.Object, java.lang.Object, java.lang.Object, java.lang.Object, java.lang.Object, java.lang.Object, java.lang.Object)'> (0x00000007090046f8) 
thrown [s\src\hotspot\share\interpreter\linkResolver.cpp, line 759]
Event: 5.671 Thread 0x000001f5b1501620 Implicit null exception at 0x000001f5c0cdc513 to 0x000001f5c0cdc66c
Event: 5.810 Thread 0x000001f5b1501620 Exception <a 'java/lang/NoSuchMethodError'{0x0000000708b7afb8}: 'double java.lang.invoke.DirectMethodHandle$Holder.invokeStatic(java.lang.Object, java.lang.Object)'> (0x0000000708b7afb8) 
thrown [s\src\hotspot\share\interpreter\linkResolver.cpp, line 759]
Event: 5.813 Thread 0x000001f5b1501620 Exception <a 'java/lang/NoSuchMethodError'{0x0000000708b8c658}: 'int java.lang.invoke.DirectMethodHandle$Holder.invokeStatic(java.lang.Object, java.lang.Object, java.lang.Object, java.lang.Object, java.lang.Object)'> (0x0000000708b8c658) 
thrown [s\src\hotspot\share\interpreter\linkResolver.cpp, line 759]
Event: 5.842 Thread 0x000001f5d44945d0 Exception <a 'java/lang/NoSuchMethodError'{0x0000000715e88fe8}: 'long java.lang.invoke.DirectMethodHandle$Holder.invokeStatic(java.lang.Object, java.lang.Object, java.lang.Object)'> (0x0000000715e88fe8) 
thrown [s\src\hotspot\share\interpreter\linkResolver.cpp, line 759]
Event: 5.911 Thread 0x000001f5b1501620 Exception <a 'sun/nio/fs/WindowsException'{0x0000000714221338}> (0x0000000714221338) 
thrown [s\src\hotspot\share\prims\jni.cpp, line 516]
Event: 5.928 Thread 0x000001f5b1501620 Implicit null exception at 0x000001f5c0bc763d to 0x000001f5c0bc76fa
Event: 6.201 Thread 0x000001f5b1501620 Exception <a 'java/lang/IncompatibleClassChangeError'{0x000000070979bb48}: Found class java.lang.Object, but interface was expected> (0x000000070979bb48) 
thrown [s\src\hotspot\share\interpreter\linkResolver.cpp, line 826]
Event: 6.229 Thread 0x000001f5b1501620 Exception <a 'java/lang/NoSuchMethodError'{0x0000000709455998}: 'void java.lang.invoke.DirectMethodHandle$Holder.invokeStatic(java.lang.Object, java.lang.Object, double)'> (0x0000000709455998) 
thrown [s\src\hotspot\share\interpreter\linkResolver.cpp, line 759]
Event: 6.248 Thread 0x000001f5b1501620 Exception <a 'java/lang/NoSuchMethodError'{0x00000007094b2028}: 'double java.lang.invoke.DirectMethodHandle$Holder.invokeStatic(java.lang.Object, java.lang.Object, java.lang.Object)'> (0x00000007094b2028) 
thrown [s\src\hotspot\share\interpreter\linkResolver.cpp, line 759]
Event: 6.264 Thread 0x000001f5b1501620 Exception <a 'java/lang/NoSuchMethodError'{0x000000070950f3f8}: 'java.lang.Object java.lang.invoke.DirectMethodHandle$Holder.newInvokeSpecial(java.lang.Object, java.lang.Object, int, java.lang.Object, java.lang.Object)'> (0x000000070950f3f8) 
thrown [s\src\hotspot\share\interpreter\linkResolver.cpp, line 759]
Event: 6.265 Thread 0x000001f5b1501620 Exception <a 'java/lang/NoSuchMethodError'{0x000000070951aa70}: 'java.lang.Object java.lang.invoke.DirectMethodHandle$Holder.invokeSpecial(java.lang.Object, java.lang.Object, int, java.lang.Object, int, java.lang.Object)'> (0x000000070951aa70) 
thrown [s\src\hotspot\share\interpreter\linkResolver.cpp, line 759]
Event: 6.266 Thread 0x000001f5b1501620 Exception <a 'java/lang/NoSuchMethodError'{0x0000000709522878}: 'java.lang.Object java.lang.invoke.DirectMethodHandle$Holder.newInvokeSpecial(java.lang.Object, java.lang.Object, int, java.lang.Object, int)'> (0x0000000709522878) 
thrown [s\src\hotspot\share\interpreter\linkResolver.cpp, line 759]
Event: 6.266 Thread 0x000001f5b1501620 Exception <a 'java/lang/NoSuchMethodError'{0x0000000709526978}: 'java.lang.Object java.lang.invoke.DirectMethodHandle$Holder.invokeSpecial(java.lang.Object, java.lang.Object, java.lang.Object, int, java.lang.Object, int)'> (0x0000000709526978) 
thrown [s\src\hotspot\share\interpreter\linkResolver.cpp, line 759]
Event: 6.355 Thread 0x000001f5b1501620 Exception <a 'java/lang/IncompatibleClassChangeError'{0x00000007093e5108}: Found class java.lang.Object, but interface was expected> (0x00000007093e5108) 
thrown [s\src\hotspot\share\interpreter\linkResolver.cpp, line 826]
Event: 6.863 Thread 0x000001f5b1501620 Implicit null exception at 0x000001f5c0d83e91 to 0x000001f5c0d84123
Event: 12.869 Thread 0x000001f61ccf9c10 Implicit null exception at 0x000001f5c0b5de17 to 0x000001f5c0b5e008
Event: 13.538 Thread 0x000001f5b1501620 Implicit null exception at 0x000001f5c0c0e7e9 to 0x000001f5c0c1021c

VM Operations (20 events):
Event: 7.842 Executing VM operation: Cleanup
Event: 7.843 Executing VM operation: Cleanup done
Event: 7.843 Executing VM operation: HandshakeAllThreads
Event: 7.843 Executing VM operation: HandshakeAllThreads done
Event: 7.844 Executing VM operation: HandshakeAllThreads
Event: 7.844 Executing VM operation: HandshakeAllThreads done
Event: 8.340 Executing VM operation: HandshakeAllThreads
Event: 8.340 Executing VM operation: HandshakeAllThreads done
Event: 9.353 Executing VM operation: Cleanup
Event: 9.354 Executing VM operation: Cleanup done
Event: 9.566 Executing VM operation: G1CollectForAllocation
Event: 9.569 Executing VM operation: G1CollectForAllocation done
Event: 9.597 Executing VM operation: G1PauseRemark
Event: 9.600 Executing VM operation: G1PauseRemark done
Event: 9.616 Executing VM operation: G1PauseCleanup
Event: 9.616 Executing VM operation: G1PauseCleanup done
Event: 10.564 Executing VM operation: G1CollectForAllocation
Event: 10.566 Executing VM operation: G1CollectForAllocation done
Event: 11.572 Executing VM operation: Cleanup
Event: 11.572 Executing VM operation: Cleanup done

Events (20 events):
Event: 8.786 Thread 0x000001f61ccf5f50 Thread added: 0x000001f61ccf5f50
Event: 10.071 loading class java/util/concurrent/Executors$FinalizableDelegatedExecutorService
Event: 10.071 loading class java/util/concurrent/Executors$DelegatedExecutorService
Event: 10.071 loading class java/util/concurrent/Executors$DelegatedExecutorService done
Event: 10.072 loading class java/util/concurrent/Executors$FinalizableDelegatedExecutorService done
Event: 10.072 Thread 0x000001f5d42effd0 Thread exited: 0x000001f5d42effd0
Event: 12.579 loading class java/nio/DirectFloatBufferU
Event: 12.579 loading class java/nio/FloatBuffer
Event: 12.579 loading class java/nio/FloatBuffer done
Event: 12.579 loading class java/nio/DirectFloatBufferU done
Event: 12.580 loading class java/nio/DirectShortBufferU
Event: 12.580 loading class java/nio/ShortBuffer
Event: 12.580 loading class java/nio/ShortBuffer done
Event: 12.580 loading class java/nio/DirectShortBufferU done
Event: 12.867 loading class sun/security/ssl/Alert
Event: 12.867 loading class sun/security/ssl/Alert done
Event: 12.868 loading class sun/security/ssl/Alert$AlertConsumer
Event: 12.868 loading class sun/security/ssl/Alert$AlertConsumer done
Event: 12.868 loading class sun/security/ssl/Alert$Level
Event: 12.868 loading class sun/security/ssl/Alert$Level done


Dynamic libraries:
0x00007ff743910000 - 0x00007ff74391e000 	C:\Users\18608\AppData\Local\Programs\Eclipse Adoptium\jdk-17.0.8.101-hotspot\bin\java.exe
0x00007ffd828d0000 - 0x00007ffd82ac8000 	C:\WINDOWS\SYSTEM32\ntdll.dll
0x00007ffd80940000 - 0x00007ffd809fd000 	C:\WINDOWS\System32\KERNEL32.DLL
0x00007ffd80050000 - 0x00007ffd80346000 	C:\WINDOWS\System32\KERNELBASE.dll
0x00007ffd80560000 - 0x00007ffd80660000 	C:\WINDOWS\System32\ucrtbase.dll
0x00007ffd73730000 - 0x00007ffd73747000 	C:\Users\18608\AppData\Local\Programs\Eclipse Adoptium\jdk-17.0.8.101-hotspot\bin\jli.dll
0x00007ffd73240000 - 0x00007ffd73259000 	C:\Users\18608\AppData\Local\Programs\Eclipse Adoptium\jdk-17.0.8.101-hotspot\bin\VCRUNTIME140.dll
0x00007ffd81ac0000 - 0x00007ffd81c5e000 	C:\WINDOWS\System32\USER32.dll
0x00007ffd62980000 - 0x00007ffd62c1a000 	C:\WINDOWS\WinSxS\amd64_microsoft.windows.common-controls_6595b64144ccf1df_6.0.19041.3636_none_60b6a03d71f818d5\COMCTL32.dll
0x00007ffd804c0000 - 0x00007ffd804e2000 	C:\WINDOWS\System32\win32u.dll
0x00007ffd82140000 - 0x00007ffd8216c000 	C:\WINDOWS\System32\GDI32.dll
0x00007ffd80a30000 - 0x00007ffd80ace000 	C:\WINDOWS\System32\msvcrt.dll
0x00007ffd803a0000 - 0x00007ffd804ba000 	C:\WINDOWS\System32\gdi32full.dll
0x00007ffd7ffb0000 - 0x00007ffd8004d000 	C:\WINDOWS\System32\msvcp_win.dll
0x00007ffd80a00000 - 0x00007ffd80a30000 	C:\WINDOWS\System32\IMM32.DLL
0x00007ffd75e20000 - 0x00007ffd75e2c000 	C:\Users\18608\AppData\Local\Programs\Eclipse Adoptium\jdk-17.0.8.101-hotspot\bin\vcruntime140_1.dll
0x00007ffd50030000 - 0x00007ffd500c1000 	C:\Users\18608\AppData\Local\Programs\Eclipse Adoptium\jdk-17.0.8.101-hotspot\bin\msvcp140.dll
0x00007ffd17ac0000 - 0x00007ffd1870c000 	C:\Users\18608\AppData\Local\Programs\Eclipse Adoptium\jdk-17.0.8.101-hotspot\bin\server\jvm.dll
0x00007ffd81a10000 - 0x00007ffd81abf000 	C:\WINDOWS\System32\ADVAPI32.dll
0x00007ffd82460000 - 0x00007ffd824fc000 	C:\WINDOWS\System32\sechost.dll
0x00007ffd82170000 - 0x00007ffd82296000 	C:\WINDOWS\System32\RPCRT4.dll
0x00007ffd7fd60000 - 0x00007ffd7fdab000 	C:\WINDOWS\SYSTEM32\POWRPROF.dll
0x00007ffd47030000 - 0x00007ffd47039000 	C:\WINDOWS\SYSTEM32\WSOCK32.dll
0x00007ffd5fa00000 - 0x00007ffd5fa27000 	C:\WINDOWS\SYSTEM32\WINMM.dll
0x00007ffd72600000 - 0x00007ffd7260a000 	C:\WINDOWS\SYSTEM32\VERSION.dll
0x00007ffd81220000 - 0x00007ffd8128b000 	C:\WINDOWS\System32\WS2_32.dll
0x00007ffd7fd40000 - 0x00007ffd7fd52000 	C:\WINDOWS\SYSTEM32\UMPDC.dll
0x00007ffd7e800000 - 0x00007ffd7e812000 	C:\WINDOWS\SYSTEM32\kernel.appcore.dll
0x00007ffd75710000 - 0x00007ffd7571a000 	C:\Users\18608\AppData\Local\Programs\Eclipse Adoptium\jdk-17.0.8.101-hotspot\bin\jimage.dll
0x00007ffd7dcb0000 - 0x00007ffd7de94000 	C:\WINDOWS\SYSTEM32\DBGHELP.DLL
0x00007ffd73180000 - 0x00007ffd731b4000 	C:\WINDOWS\SYSTEM32\dbgcore.DLL
0x00007ffd80870000 - 0x00007ffd808f2000 	C:\WINDOWS\System32\bcryptPrimitives.dll
0x00007ffd68e00000 - 0x00007ffd68e25000 	C:\Users\18608\AppData\Local\Programs\Eclipse Adoptium\jdk-17.0.8.101-hotspot\bin\java.dll
0x00007ffd45fc0000 - 0x00007ffd46096000 	C:\Users\18608\AppData\Local\Programs\Eclipse Adoptium\jdk-17.0.8.101-hotspot\bin\jsvml.dll
0x00007ffd80ad0000 - 0x00007ffd81214000 	C:\WINDOWS\System32\SHELL32.dll
0x00007ffd7e050000 - 0x00007ffd7e7eb000 	C:\WINDOWS\SYSTEM32\windows.storage.dll
0x00007ffd81d80000 - 0x00007ffd820d4000 	C:\WINDOWS\System32\combase.dll
0x00007ffd7f980000 - 0x00007ffd7f9ad000 	C:\WINDOWS\SYSTEM32\Wldp.dll
0x00007ffd813e0000 - 0x00007ffd8148d000 	C:\WINDOWS\System32\SHCORE.dll
0x00007ffd81380000 - 0x00007ffd813d5000 	C:\WINDOWS\System32\shlwapi.dll
0x00007ffd7fee0000 - 0x00007ffd7ff05000 	C:\WINDOWS\SYSTEM32\profapi.dll
0x00007ffd71e00000 - 0x00007ffd71e19000 	C:\Users\18608\AppData\Local\Programs\Eclipse Adoptium\jdk-17.0.8.101-hotspot\bin\net.dll
0x00007ffd77020000 - 0x00007ffd7712a000 	C:\WINDOWS\SYSTEM32\WINHTTP.dll
0x00007ffd7f6e0000 - 0x00007ffd7f74a000 	C:\WINDOWS\system32\mswsock.dll
0x00007ffd65e20000 - 0x00007ffd65e35000 	C:\Users\18608\AppData\Local\Programs\Eclipse Adoptium\jdk-17.0.8.101-hotspot\bin\nio.dll
0x00007ffd60cd0000 - 0x00007ffd60ce8000 	C:\Users\18608\AppData\Local\Programs\Eclipse Adoptium\jdk-17.0.8.101-hotspot\bin\zip.dll
0x00007ffd7f8d0000 - 0x00007ffd7f8e8000 	C:\WINDOWS\SYSTEM32\CRYPTSP.dll
0x00007ffd7f010000 - 0x00007ffd7f044000 	C:\WINDOWS\system32\rsaenh.dll
0x00007ffd80900000 - 0x00007ffd80927000 	C:\WINDOWS\System32\bcrypt.dll
0x00007ffd7fea0000 - 0x00007ffd7fece000 	C:\WINDOWS\SYSTEM32\USERENV.dll
0x00007ffd7f8f0000 - 0x00007ffd7f8fc000 	C:\WINDOWS\SYSTEM32\CRYPTBASE.dll
0x00007ffd7f3d0000 - 0x00007ffd7f40b000 	C:\WINDOWS\SYSTEM32\IPHLPAPI.DLL
0x00007ffd82450000 - 0x00007ffd82458000 	C:\WINDOWS\System32\NSI.dll
0x00007ffd75580000 - 0x00007ffd75597000 	C:\WINDOWS\SYSTEM32\dhcpcsvc6.DLL
0x00007ffd75560000 - 0x00007ffd7557d000 	C:\WINDOWS\SYSTEM32\dhcpcsvc.DLL
0x00007ffd7f410000 - 0x00007ffd7f4da000 	C:\WINDOWS\SYSTEM32\DNSAPI.dll
0x00007ffd73230000 - 0x00007ffd7323e000 	C:\Users\18608\AppData\Local\Programs\Eclipse Adoptium\jdk-17.0.8.101-hotspot\bin\sunmscapi.dll
0x00007ffd80710000 - 0x00007ffd8086d000 	C:\WINDOWS\System32\CRYPT32.dll
0x00007ffd7f9f0000 - 0x00007ffd7fa17000 	C:\WINDOWS\SYSTEM32\ncrypt.dll
0x00007ffd7f9b0000 - 0x00007ffd7f9eb000 	C:\WINDOWS\SYSTEM32\NTASN1.dll
0x00007ffd68df0000 - 0x00007ffd68df9000 	C:\Users\18608\AppData\Local\Programs\Eclipse Adoptium\jdk-17.0.8.101-hotspot\bin\management.dll
0x00007ffd68260000 - 0x00007ffd6826b000 	C:\Users\18608\AppData\Local\Programs\Eclipse Adoptium\jdk-17.0.8.101-hotspot\bin\management_ext.dll
0x00007ffd80930000 - 0x00007ffd80938000 	C:\WINDOWS\System32\PSAPI.DLL
0x00007ffd65e10000 - 0x00007ffd65e20000 	C:\Users\18608\AppData\Local\Programs\Eclipse Adoptium\jdk-17.0.8.101-hotspot\bin\verify.dll
0x00007ffd75740000 - 0x00007ffd75747000 	C:\WINDOWS\system32\wshunix.dll
0x00007ffd75470000 - 0x00007ffd7547a000 	C:\Windows\System32\rasadhlp.dll
0x00007ffd72a30000 - 0x00007ffd72ab0000 	C:\WINDOWS\System32\fwpuclnt.dll
0x00007ffd459d0000 - 0x00007ffd45a97000 	C:\Users\18608\.javacpp\cache\ffmpeg-3.4.2-1.4.1-windows-x86_64.jar\org\bytedeco\javacpp\windows-x86_64\avutil-55.dll
0x000000006fe00000 - 0x000000006fed2000 	C:\Users\18608\.javacpp\cache\ffmpeg-3.4.2-1.4.1-windows-x86_64.jar\org\bytedeco\javacpp\windows-x86_64\jniavutil.dll
0x00007ffd608b0000 - 0x00007ffd608d8000 	C:\Users\18608\.javacpp\cache\ffmpeg-3.4.2-1.4.1-windows-x86_64.jar\org\bytedeco\javacpp\windows-x86_64\swresample-2.dll
0x0000000070080000 - 0x00000000700ae000 	C:\Users\18608\.javacpp\cache\ffmpeg-3.4.2-1.4.1-windows-x86_64.jar\org\bytedeco\javacpp\windows-x86_64\jniswresample.dll
0x00007ffcfd040000 - 0x00007ffcfefe9000 	C:\Users\18608\.javacpp\cache\ffmpeg-3.4.2-1.4.1-windows-x86_64.jar\org\bytedeco\javacpp\windows-x86_64\avcodec-57.dll
0x00007ffd82500000 - 0x00007ffd8262b000 	C:\WINDOWS\System32\ole32.dll
0x000000006a1c0000 - 0x000000006a44d000 	C:\Users\18608\.javacpp\cache\ffmpeg-3.4.2-1.4.1-windows-x86_64.jar\org\bytedeco\javacpp\windows-x86_64\jniavcodec.dll
0x00007ffd40150000 - 0x00007ffd4059d000 	C:\Users\18608\.javacpp\cache\ffmpeg-3.4.2-1.4.1-windows-x86_64.jar\org\bytedeco\javacpp\windows-x86_64\avformat-57.dll
0x00007ffd60f60000 - 0x00007ffd60f6c000 	C:\WINDOWS\SYSTEM32\Secur32.dll
0x00007ffd7fe60000 - 0x00007ffd7fe92000 	C:\WINDOWS\SYSTEM32\SSPICLI.DLL
0x000000006abc0000 - 0x000000006ad0a000 	C:\Users\18608\.javacpp\cache\ffmpeg-3.4.2-1.4.1-windows-x86_64.jar\org\bytedeco\javacpp\windows-x86_64\jniavformat.dll
0x00007ffd4f120000 - 0x00007ffd4f1b4000 	C:\Users\18608\.javacpp\cache\ffmpeg-3.4.2-1.4.1-windows-x86_64.jar\org\bytedeco\javacpp\windows-x86_64\swscale-4.dll
0x0000000067cc0000 - 0x0000000067cf6000 	C:\Users\18608\.javacpp\cache\ffmpeg-3.4.2-1.4.1-windows-x86_64.jar\org\bytedeco\javacpp\windows-x86_64\jniswscale.dll
0x00007ffd606d0000 - 0x00007ffd606fa000 	C:\Users\18608\.javacpp\cache\ffmpeg-3.4.2-1.4.1-windows-x86_64.jar\org\bytedeco\javacpp\windows-x86_64\postproc-54.dll
0x000000006a0c0000 - 0x000000006a0ec000 	C:\Users\18608\.javacpp\cache\ffmpeg-3.4.2-1.4.1-windows-x86_64.jar\org\bytedeco\javacpp\windows-x86_64\jnipostproc.dll
0x00007ffd26af0000 - 0x00007ffd26e49000 	C:\Users\18608\.javacpp\cache\ffmpeg-3.4.2-1.4.1-windows-x86_64.jar\org\bytedeco\javacpp\windows-x86_64\avfilter-6.dll
0x0000000064400000 - 0x0000000064478000 	C:\Users\18608\.javacpp\cache\ffmpeg-3.4.2-1.4.1-windows-x86_64.jar\org\bytedeco\javacpp\windows-x86_64\jniavfilter.dll
0x00007ffd5f540000 - 0x00007ffd5f56d000 	C:\Users\18608\.javacpp\cache\ffmpeg-3.4.2-1.4.1-windows-x86_64.jar\org\bytedeco\javacpp\windows-x86_64\avdevice-57.dll
0x00007ffd826e0000 - 0x00007ffd827ad000 	C:\WINDOWS\System32\OLEAUT32.dll
0x00007ffd75720000 - 0x00007ffd75739000 	C:\WINDOWS\SYSTEM32\AVICAP32.dll
0x00007ffd5f510000 - 0x00007ffd5f53b000 	C:\WINDOWS\SYSTEM32\MSVFW32.dll
0x00000000001f0000 - 0x0000000000229000 	C:\Users\18608\.javacpp\cache\ffmpeg-3.4.2-1.4.1-windows-x86_64.jar\org\bytedeco\javacpp\windows-x86_64\jniavdevice.dll

dbghelp: loaded successfully - version: 4.0.5 - missing functions: none
symbol engine: initialized successfully - sym options: 0x614 - pdb path: .;C:\Users\18608\AppData\Local\Programs\Eclipse Adoptium\jdk-17.0.8.101-hotspot\bin;C:\WINDOWS\SYSTEM32;C:\WINDOWS\WinSxS\amd64_microsoft.windows.common-controls_6595b64144ccf1df_6.0.19041.3636_none_60b6a03d71f818d5;C:\Users\18608\AppData\Local\Programs\Eclipse Adoptium\jdk-17.0.8.101-hotspot\bin\server;C:\Users\18608\.javacpp\cache\ffmpeg-3.4.2-1.4.1-windows-x86_64.jar\org\bytedeco\javacpp\windows-x86_64

VM Arguments:
jvm_args: -XX:+ShowCodeDetailsInExceptionMessages 
java_command: com.personal.ScrapiiApplication
java_class_path (initial): C:\Users\18608\Downloads\scrapii\scrapii\target\classes;C:\Users\18608\.m2\repository\org\springframework\boot\spring-boot-starter-web\3.1.5\spring-boot-starter-web-3.1.5.jar;C:\Users\18608\.m2\repository\org\springframework\boot\spring-boot-starter\3.1.5\spring-boot-starter-3.1.5.jar;C:\Users\18608\.m2\repository\org\springframework\boot\spring-boot\3.1.5\spring-boot-3.1.5.jar;C:\Users\18608\.m2\repository\org\springframework\boot\spring-boot-autoconfigure\3.1.5\spring-boot-autoconfigure-3.1.5.jar;C:\Users\18608\.m2\repository\org\springframework\boot\spring-boot-starter-logging\3.1.5\spring-boot-starter-logging-3.1.5.jar;C:\Users\18608\.m2\repository\ch\qos\logback\logback-classic\1.4.11\logback-classic-1.4.11.jar;C:\Users\18608\.m2\repository\ch\qos\logback\logback-core\1.4.11\logback-core-1.4.11.jar;C:\Users\18608\.m2\repository\org\apache\logging\log4j\log4j-to-slf4j\2.20.0\log4j-to-slf4j-2.20.0.jar;C:\Users\18608\.m2\repository\org\apache\logging\log4j\log4j-api\2.20.0\log4j-api-2.20.0.jar;C:\Users\18608\.m2\repository\org\slf4j\jul-to-slf4j\2.0.9\jul-to-slf4j-2.0.9.jar;C:\Users\18608\.m2\repository\jakarta\annotation\jakarta.annotation-api\2.1.1\jakarta.annotation-api-2.1.1.jar;C:\Users\18608\.m2\repository\org\yaml\snakeyaml\1.33\snakeyaml-1.33.jar;C:\Users\18608\.m2\repository\org\springframework\boot\spring-boot-starter-json\3.1.5\spring-boot-starter-json-3.1.5.jar;C:\Users\18608\.m2\repository\com\fasterxml\jackson\core\jackson-databind\2.15.3\jackson-databind-2.15.3.jar;C:\Users\18608\.m2\repository\com\fasterxml\jackson\core\jackson-annotations\2.15.3\jackson-annotations-2.15.3.jar;C:\Users\18608\.m2\repository\com\fasterxml\jackson\core\jackson-core\2.15.3\jackson-core-2.15.3.jar;C:\Users\18608\.m2\repository\com\fasterxml\jackson\datatype\jackson-datatype-jdk8\2.15.3\jackson-datatype-jdk8-2.15.3.jar;C:\Users\18608\.m2\repository\com\fasterxml\jackson\datatype\jackson-datatype-jsr310\2.15.3\jackson-datatype-jsr310-2.15.3.ja
Launcher Type: SUN_STANDARD

[Global flags]
     intx CICompilerCount                          = 4                                         {product} {ergonomic}
     uint ConcGCThreads                            = 2                                         {product} {ergonomic}
     uint G1ConcRefinementThreads                  = 8                                         {product} {ergonomic}
   size_t G1HeapRegionSize                         = 2097152                                   {product} {ergonomic}
    uintx GCDrainStackTargetSize                   = 64                                        {product} {ergonomic}
   size_t InitialHeapSize                          = 262144000                                 {product} {ergonomic}
   size_t MarkStackSize                            = 4194304                                   {product} {ergonomic}
   size_t MaxHeapSize                              = 4188012544                                {product} {ergonomic}
   size_t MaxNewSize                               = 2512388096                                {product} {ergonomic}
   size_t MinHeapDeltaBytes                        = 2097152                                   {product} {ergonomic}
   size_t MinHeapSize                              = 8388608                                   {product} {ergonomic}
    uintx NonNMethodCodeHeapSize                   = 5839372                                {pd product} {ergonomic}
    uintx NonProfiledCodeHeapSize                  = 122909434                              {pd product} {ergonomic}
    uintx ProfiledCodeHeapSize                     = 122909434                              {pd product} {ergonomic}
    uintx ReservedCodeCacheSize                    = 251658240                              {pd product} {ergonomic}
     bool SegmentedCodeCache                       = true                                      {product} {ergonomic}
     bool ShowCodeDetailsInExceptionMessages       = true                                   {manageable} {command line}
   size_t SoftMaxHeapSize                          = 4188012544                             {manageable} {ergonomic}
     bool UseCompressedClassPointers               = true                           {product lp64_product} {ergonomic}
     bool UseCompressedOops                        = true                           {product lp64_product} {ergonomic}
     bool UseG1GC                                  = true                                      {product} {ergonomic}
     bool UseLargePagesIndividualAllocation        = false                                  {pd product} {ergonomic}

Logging:
Log output configuration:
 #0: stdout all=warning uptime,level,tags
 #1: stderr all=off uptime,level,tags

Environment Variables:
JAVA_HOME=C:\Users\18608\AppData\Local\Programs\Eclipse Adoptium\jdk-17.0.8.101-hotspot\
PATH=C:\Program Files (x86)\VMware\VMware Player\bin\;C:\WINDOWS\system32;C:\WINDOWS;C:\WINDOWS\System32\Wbem;C:\WINDOWS\System32\WindowsPowerShell\v1.0\;C:\WINDOWS\System32\OpenSSH\;C:\Program Files\PuTTY\;C:\Program Files\Git\cmd;C:\Program Files\Amazon\AWSCLIV2\;C:\Users\18608\AppData\Local\Programs\Python\Python311\Scripts;C:\Users\18608\AppData\Local\Programs\Eclipse Adoptium\jdk-17.0.8.101-hotspot\bin;C:\Users\18608\AppData\Local\Programs\Python\Python311;C:\Users\18608\AppData\Local\Microsoft\WindowsApps;C:\Users\18608\AppData\Local\Programs\Microsoft VS Code\bin;C:\Users\18608\AppData\Local\Programs\Python\Python311\Scripts;
USERNAME=MulkiSam
LANG=en_US.UTF-8
OS=Windows_NT
PROCESSOR_IDENTIFIER=Intel64 Family 6 Model 126 Stepping 5, GenuineIntel
TMP=C:\Users\18608\AppData\Local\Temp
TEMP=C:\Users\18608\AppData\Local\Temp



---------------  S Y S T E M  ---------------

OS:
 Windows 10 , 64 bit Build 19041 (10.0.19041.3636)
OS uptime: 14 days 4:33 hours

CPU: total 8 (initial active 8) (4 cores per cpu, 2 threads per core) family 6 model 126 stepping 5 microcode 0xb0, cx8, cmov, fxsr, ht, mmx, 3dnowpref, sse, sse2, sse3, ssse3, sse4.1, sse4.2, popcnt, lzcnt, tsc, tscinvbit, avx, avx2, aes, erms, clmul, bmi1, bmi2, adx, avx512f, avx512dq, avx512cd, avx512bw, avx512vl, sha, fma, vzeroupper, avx512_vpopcntdq, avx512_vpclmulqdq, avx512_vaes, avx512_vnni, clflush, clflushopt, avx512_vbmi2, avx512_vbmi
Processor Information for processor 0
  Max Mhz: 1498, Current Mhz: 1298, Mhz Limit: 1288
Processor Information for processor 1
  Max Mhz: 1498, Current Mhz: 1298, Mhz Limit: 1288
Processor Information for processor 2
  Max Mhz: 1498, Current Mhz: 1298, Mhz Limit: 1288
Processor Information for processor 3
  Max Mhz: 1498, Current Mhz: 998, Mhz Limit: 1288
Processor Information for processor 4
  Max Mhz: 1498, Current Mhz: 1298, Mhz Limit: 1288
Processor Information for processor 5
  Max Mhz: 1498, Current Mhz: 1298, Mhz Limit: 1288
Processor Information for processor 6
  Max Mhz: 1498, Current Mhz: 1298, Mhz Limit: 1288
Processor Information for processor 7
  Max Mhz: 1498, Current Mhz: 1298, Mhz Limit: 1288

Memory: 4k page, system-wide physical 15970M (2324M free)
TotalPageFile size 36179M (AvailPageFile size 4683M)
current process WorkingSet (physical memory assigned to process): 212M, peak: 243M
current process commit charge ("private bytes"): 262M, peak: 420M

vm_info: OpenJDK 64-Bit Server VM (17.0.8.1+1) for windows-amd64 JRE (17.0.8.1+1), built on Aug 23 2023 15:29:17 by "admin" with MS VC++ 16.7 (VS2019)

END.
