#
# A fatal error has been detected by the Java Runtime Environment:
#
#  EXCEPTION_ACCESS_VIOLATION (0xc0000005) at pc=0x00007ffd45a15afd, pid=29360, tid=13736
#
# JRE version: OpenJDK Runtime Environment Temurin-17.0.8.1+1 (17.0.8.1+1) (build 17.0.8.1+1)
# Java VM: OpenJDK 64-Bit Server VM Temurin-17.0.8.1+1 (17.0.8.1+1, mixed mode, sharing, tiered, compressed oops, compressed class ptrs, g1 gc, windows-amd64)
# Problematic frame:
# C  [avutil-55.dll+0x45afd]
#
# No core dump will be written. Minidumps are not enabled by default on client versions of Windows
#
# If you would like to submit a bug report, please visit:
#   https://github.com/adoptium/adoptium-support/issues
# The crash happened outside the Java Virtual Machine in native code.
# See problematic frame for where to report the bug.
#

---------------  S U M M A R Y ------------

Command Line: -XX:+ShowCodeDetailsInExceptionMessages com.personal.ScrapiiApplication

Host: Intel(R) Core(TM) i7-1065G7 CPU @ 1.30GHz, 8 cores, 15G,  Windows 10 , 64 bit Build 19041 (10.0.19041.3636)
Time: Mon Dec 18 07:15:40 2023 Eastern Standard Time elapsed time: 12.185337 seconds (0d 0h 0m 12s)

---------------  T H R E A D  ---------------

Current thread (0x000002586255e9b0):  JavaThread "main" [_thread_in_native, id=13736, stack(0x000000dc95c00000,0x000000dc95d00000)]

Stack: [0x000000dc95c00000,0x000000dc95d00000],  sp=0x000000dc95cfefa8,  free space=1019k
Native frames: (J=compiled Java code, j=interpreted, Vv=VM code, C=native code)
C  [avutil-55.dll+0x45afd]

Java frames: (J=compiled Java code, j=interpreted, Vv=VM code)
J 5214  org.bytedeco.javacpp.avcodec.avcodec_encode_audio2(Lorg/bytedeco/javacpp/avcodec$AVCodecContext;Lorg/bytedeco/javacpp/avcodec$AVPacket;Lorg/bytedeco/javacpp/avutil$AVFrame;[I)I (0 bytes) @ 0x0000025873d02740 [0x0000025873d026a0+0x00000000000000a0]
J 5219 c1 org.bytedeco.javacv.FFmpegFrameRecorder.record(Lorg/bytedeco/javacpp/avutil$AVFrame;)Z (254 bytes) @ 0x000002586c2f0b2c [0x000002586c2f09e0+0x000000000000014c]
J 5210 c1 org.bytedeco.javacv.FFmpegFrameRecorder.writeSamples(I)V (204 bytes) @ 0x000002586c2530f4 [0x000002586c252780+0x0000000000000974]
j  org.bytedeco.javacv.FFmpegFrameRecorder.recordSamples(II[Ljava/nio/Buffer;)Z+68
j  org.bytedeco.javacv.FFmpegFrameRecorder.stop()V+69
j  com.personal.VideoMetaData.videoAudioMuxer(Ljava/lang/String;Ljava/lang/String;Ljava/lang/String;)Ljava/lang/String;+145
j  com.personal.Scraper.Traverse(Ljava/lang/String;Ljava/lang/String;ILjava/lang/String;Lorg/springframework/http/ResponseEntity;)Ljava/util/HashSet;+396
j  com.personal.Scraper.Home(Ljava/lang/String;ILjava/lang/String;)Ljava/lang/String;+171
j  com.personal.ScrapiiApplication.main([Ljava/lang/String;)V+33
v  ~StubRoutines::call_stub

siginfo: EXCEPTION_ACCESS_VIOLATION (0xc0000005), reading address 0x00000259535684f0


Register to memory mapping:

RIP=0x00007ffd45a15afd avutil-55.dll
RAX=0x0 is NULL
RBX=0x0000025849de9240 points into unknown readable memory: 0x00007ffcfe450800 | 00 08 45 fe fc 7f 00 00
RCX=0x0000025849efd440 points into unknown readable memory: 0x0000000000000000 | 00 00 00 00 00 00 00 00
RDX=0x0000025853568500 points into unknown readable memory: 0x0000000000000000 | 00 00 00 00 00 00 00 00
RSP=0x000000dc95cfefa8 is pointing into the stack for thread: 0x000002586255e9b0
RBP=0x0000025849e236d0 points into unknown readable memory: 0x0000000000000000 | 00 00 00 00 00 00 00 00
RSI=0x0000025849d92980 points into unknown readable memory: 0x0000025853568500 | 00 85 56 53 58 02 00 00
RDI=0x0000025849de8d80 points into unknown readable memory: 0x00007ffcfe4f5640 | 40 56 4f fe fc 7f 00 00
R8 =0x0000025849efe680 points into unknown readable memory: 0x00007ffd45a15990 | 90 59 a1 45 fd 7f 00 00
R9 =0x00000000fffffff0 is an unknown value
R10=0x0000000000000002 is an unknown value
R11=0x000000dc95cff120 is pointing into the stack for thread: 0x000002586255e9b0
R12=0x000002585060ffe0 points into unknown readable memory: 0x0000025800000000 | 00 00 00 00 58 02 00 00
R13=0x0000000000000001 is an unknown value
R14=0x0000000000040000 is an unknown value
R15=0x0000025849de8d80 points into unknown readable memory: 0x00007ffcfe4f5640 | 40 56 4f fe fc 7f 00 00


Registers:
RAX=0x0000000000000000, RBX=0x0000025849de9240, RCX=0x0000025849efd440, RDX=0x0000025853568500
RSP=0x000000dc95cfefa8, RBP=0x0000025849e236d0, RSI=0x0000025849d92980, RDI=0x0000025849de8d80
R8 =0x0000025849efe680, R9 =0x00000000fffffff0, R10=0x0000000000000002, R11=0x000000dc95cff120
R12=0x000002585060ffe0, R13=0x0000000000000001, R14=0x0000000000040000, R15=0x0000025849de8d80
RIP=0x00007ffd45a15afd, EFLAGS=0x0000000000010246

Top of Stack: (sp=0x000000dc95cfefa8)
0x000000dc95cfefa8:   00007ffcfd3e8ab0 0000025853a020e0
0x000000dc95cfefb8:   00007ffd459d68c3 0000025853a020e0
0x000000dc95cfefc8:   0000025853a020e0 0000025849e19350
0x000000dc95cfefd8:   0000000001ea50d5 00000000000000c0
0x000000dc95cfefe8:   0000000000000000 0000000000000000
0x000000dc95cfeff8:   0000025849e0a5e0 0000000000000010
0x000000dc95cff008:   0000000000000001 000000dc95cff210
0x000000dc95cff018:   0000000000000000 0000000000000001
0x000000dc95cff028:   0000025849e236d0 0000025849d92980
0x000000dc95cff038:   0000000000000480 000002585060ffe0
0x000000dc95cff048:   0000000000000000 00000258535284c0
0x000000dc95cff058:   00007ffcfd1b5c6a 0000000000000001
0x000000dc95cff068:   00007ffd1812b3a1 0000000000000004
0x000000dc95cff078:   000002586255e9b0 0000025862492440
0x000000dc95cff088:   00007ffd180cc105 000000dc95cff128
0x000000dc95cff098:   000000dc95cff128 0000000000000000 

Instructions: (pc=0x00007ffd45a15afd)
0x00007ffd45a159fd:   c2 42 0f 28 5c 0a 20 0f 59 da 42 0f 28 64 0a 30
0x00007ffd45a15a0d:   0f 59 e2 42 0f 58 0c 09 42 0f 58 44 09 10 42 0f
0x00007ffd45a15a1d:   58 5c 09 20 42 0f 58 64 09 30 42 0f 29 0c 09 42
0x00007ffd45a15a2d:   0f 29 44 09 10 42 0f 29 5c 09 20 42 0f 29 64 09
0x00007ffd45a15a3d:   30 49 83 e9 40 7d a9 f3 c3 90 90 90 90 90 90 90
0x00007ffd45a15a4d:   90 90 90 c5 e8 c6 d2 00 c4 e3 6d 18 d2 01 67 4e
0x00007ffd45a15a5d:   8d 0c 8d c0 ff ff ff c4 a1 6c 59 0c 0a c4 a1 6c
0x00007ffd45a15a6d:   59 44 0a 20 c4 a1 74 58 0c 09 c4 a1 7c 58 44 09
0x00007ffd45a15a7d:   20 c4 a1 7c 29 0c 09 c4 a1 7c 29 44 09 20 49 83
0x00007ffd45a15a8d:   e9 40 7d d3 c5 f8 77 c3 90 90 90 90 90 90 90 90
0x00007ffd45a15a9d:   90 90 90 c5 e8 c6 d2 00 c4 e3 6d 18 d2 01 67 4e
0x00007ffd45a15aad:   8d 0c 8d c0 ff ff ff c4 a1 7c 28 0c 09 c4 a1 7c
0x00007ffd45a15abd:   28 44 09 20 c4 a2 6d b8 0c 0a c4 a2 6d b8 44 0a
0x00007ffd45a15acd:   20 c4 a1 7c 29 0c 09 c4 a1 7c 29 44 09 20 49 83
0x00007ffd45a15add:   e9 40 7d d3 c5 f8 77 c3 90 90 90 90 90 90 90 90
0x00007ffd45a15aed:   90 90 90 0f c6 d2 00 67 4e 8d 0c 8d f0 ff ff ff
0x00007ffd45a15afd:   42 0f 28 0c 0a 0f 59 ca 42 0f 29 0c 09 49 83 e9
0x00007ffd45a15b0d:   10 7d ed f3 c3 90 90 90 90 90 90 90 90 90 90 90
0x00007ffd45a15b1d:   90 90 90 0f 16 d2 67 4e 8d 0c cd c0 ff ff ff 42
0x00007ffd45a15b2d:   0f 28 0c 0a 66 0f 59 ca 42 0f 28 44 0a 10 66 0f
0x00007ffd45a15b3d:   59 c2 42 0f 28 5c 0a 20 66 0f 59 da 42 0f 28 64
0x00007ffd45a15b4d:   0a 30 66 0f 59 e2 66 42 0f 58 0c 09 66 42 0f 58
0x00007ffd45a15b5d:   44 09 10 66 42 0f 58 5c 09 20 66 42 0f 58 64 09
0x00007ffd45a15b6d:   30 42 0f 29 0c 09 42 0f 29 44 09 10 42 0f 29 5c
0x00007ffd45a15b7d:   09 20 42 0f 29 64 09 30 49 83 e9 40 7d a1 f3 c3
0x00007ffd45a15b8d:   90 90 90 c5 e8 16 d2 c4 e3 6d 18 d2 01 67 4e 8d
0x00007ffd45a15b9d:   0c cd 80 ff ff ff c4 a1 6d 59 0c 0a c4 a1 6d 59
0x00007ffd45a15bad:   44 0a 20 c4 a1 6d 59 5c 0a 40 c4 a1 6d 59 64 0a
0x00007ffd45a15bbd:   60 c4 a1 75 58 0c 09 c4 a1 7d 58 44 09 20 c4 a1
0x00007ffd45a15bcd:   65 58 5c 09 40 c4 a1 5d 58 64 09 60 c4 a1 7c 29
0x00007ffd45a15bdd:   0c 09 c4 a1 7c 29 44 09 20 c4 a1 7c 29 5c 09 40
0x00007ffd45a15bed:   c4 a1 7c 29 64 09 60 49 83 c1 80 7d a9 c5 f8 77 


Stack slot to memory mapping:
stack at sp + 0 slots: 0x00007ffcfd3e8ab0 avcodec-57.dll
stack at sp + 1 slots: 0x0000025853a020e0 points into unknown readable memory: 0x00000258539891e0 | e0 91 98 53 58 02 00 00
stack at sp + 2 slots: 0x00007ffd459d68c3 avutil-55.dll
stack at sp + 3 slots: 0x0000025853a020e0 points into unknown readable memory: 0x00000258539891e0 | e0 91 98 53 58 02 00 00
stack at sp + 4 slots: 0x0000025853a020e0 points into unknown readable memory: 0x00000258539891e0 | e0 91 98 53 58 02 00 00
stack at sp + 5 slots: 0x0000025849e19350 points into unknown readable memory: 0x8585858584848484 | 84 84 84 84 85 85 85 85
stack at sp + 6 slots: 0x0000000001ea50d5 is an unknown value
stack at sp + 7 slots: 0x00000000000000c0 is an unknown value


---------------  P R O C E S S  ---------------

Threads class SMR info:
_java_thread_list=0x00000258506a4d60, length=29, elements={
0x000002586255e9b0, 0x000002587f375b60, 0x000002587f376720, 0x000002587f38bdd0,
0x000002587f38c990, 0x000002587f392990, 0x000002587f393350, 0x000002587f3940f0,
0x000002587f394ba0, 0x000002587f3955a0, 0x00000258491db010, 0x00000258491e6460,
0x000002584e9716d0, 0x000002584e96ee50, 0x000002584e96f870, 0x000002584e96fd80,
0x000002584e96e940, 0x000002584e970290, 0x000002584e9707a0, 0x000002584e970cb0,
0x000002584f82de10, 0x000002584f831ad0, 0x000002584f82c9d0, 0x000002584f830180,
0x000002584f8315c0, 0x000002584f8324f0, 0x000002584f831fe0, 0x000002584f82b590,
0x000002584f832f10
}

Java Threads: ( => current thread )
=>0x000002586255e9b0 JavaThread "main" [_thread_in_native, id=13736, stack(0x000000dc95c00000,0x000000dc95d00000)]
  0x000002587f375b60 JavaThread "Reference Handler" daemon [_thread_blocked, id=16944, stack(0x000000dc96300000,0x000000dc96400000)]
  0x000002587f376720 JavaThread "Finalizer" daemon [_thread_blocked, id=22892, stack(0x000000dc96400000,0x000000dc96500000)]
  0x000002587f38bdd0 JavaThread "Signal Dispatcher" daemon [_thread_blocked, id=32012, stack(0x000000dc96500000,0x000000dc96600000)]
  0x000002587f38c990 JavaThread "Attach Listener" daemon [_thread_blocked, id=11232, stack(0x000000dc96600000,0x000000dc96700000)]
  0x000002587f392990 JavaThread "Service Thread" daemon [_thread_blocked, id=14476, stack(0x000000dc96700000,0x000000dc96800000)]
  0x000002587f393350 JavaThread "Monitor Deflation Thread" daemon [_thread_blocked, id=15904, stack(0x000000dc96800000,0x000000dc96900000)]
  0x000002587f3940f0 JavaThread "C2 CompilerThread0" daemon [_thread_blocked, id=22220, stack(0x000000dc96900000,0x000000dc96a00000)]
  0x000002587f394ba0 JavaThread "C1 CompilerThread0" daemon [_thread_blocked, id=28880, stack(0x000000dc96a00000,0x000000dc96b00000)]
  0x000002587f3955a0 JavaThread "Sweeper thread" daemon [_thread_blocked, id=7576, stack(0x000000dc96b00000,0x000000dc96c00000)]
  0x00000258491db010 JavaThread "Notification Thread" daemon [_thread_blocked, id=19384, stack(0x000000dc96c00000,0x000000dc96d00000)]
  0x00000258491e6460 JavaThread "Common-Cleaner" daemon [_thread_blocked, id=31628, stack(0x000000dc96e00000,0x000000dc96f00000)]
  0x000002584e9716d0 JavaThread "Catalina-utility-1" [_thread_blocked, id=14692, stack(0x000000dc97900000,0x000000dc97a00000)]
  0x000002584e96ee50 JavaThread "Catalina-utility-2" [_thread_blocked, id=29656, stack(0x000000dc97a00000,0x000000dc97b00000)]
  0x000002584e96f870 JavaThread "container-0" [_thread_blocked, id=29280, stack(0x000000dc97b00000,0x000000dc97c00000)]
  0x000002584e96fd80 JavaThread "http-nio-8080-exec-1" daemon [_thread_blocked, id=2008, stack(0x000000dc97c00000,0x000000dc97d00000)]
  0x000002584e96e940 JavaThread "http-nio-8080-exec-2" daemon [_thread_blocked, id=19968, stack(0x000000dc97d00000,0x000000dc97e00000)]
  0x000002584e970290 JavaThread "http-nio-8080-exec-3" daemon [_thread_blocked, id=32008, stack(0x000000dc97e00000,0x000000dc97f00000)]
  0x000002584e9707a0 JavaThread "http-nio-8080-exec-4" daemon [_thread_blocked, id=31028, stack(0x000000dc97f00000,0x000000dc98000000)]
  0x000002584e970cb0 JavaThread "http-nio-8080-exec-5" daemon [_thread_blocked, id=10792, stack(0x000000dc98000000,0x000000dc98100000)]
  0x000002584f82de10 JavaThread "http-nio-8080-exec-6" daemon [_thread_blocked, id=10736, stack(0x000000dc98100000,0x000000dc98200000)]
  0x000002584f831ad0 JavaThread "http-nio-8080-exec-7" daemon [_thread_blocked, id=33392, stack(0x000000dc98200000,0x000000dc98300000)]
  0x000002584f82c9d0 JavaThread "http-nio-8080-exec-8" daemon [_thread_blocked, id=12988, stack(0x000000dc98300000,0x000000dc98400000)]
  0x000002584f830180 JavaThread "http-nio-8080-exec-9" daemon [_thread_blocked, id=29196, stack(0x000000dc98400000,0x000000dc98500000)]
  0x000002584f8315c0 JavaThread "http-nio-8080-exec-10" daemon [_thread_blocked, id=13848, stack(0x000000dc98500000,0x000000dc98600000)]
  0x000002584f8324f0 JavaThread "http-nio-8080-Poller" daemon [_thread_in_native, id=12400, stack(0x000000dc98600000,0x000000dc98700000)]
  0x000002584f831fe0 JavaThread "http-nio-8080-Acceptor" daemon [_thread_in_native, id=20304, stack(0x000000dc98700000,0x000000dc98800000)]
  0x000002584f82b590 JavaThread "Keep-Alive-Timer" daemon [_thread_blocked, id=12008, stack(0x000000dc96f00000,0x000000dc97000000)]
  0x000002584f832f10 JavaThread "JavaCPP Deallocator" daemon [_thread_blocked, id=1644, stack(0x000000dc98900000,0x000000dc98a00000)]

Other Threads:
  0x000002587f3730c0 VMThread "VM Thread" [stack: 0x000000dc96200000,0x000000dc96300000] [id=23168]
  0x000002586468cf70 WatcherThread [stack: 0x000000dc96d00000,0x000000dc96e00000] [id=4028]
  0x0000025864673f40 GCTaskThread "GC Thread#0" [stack: 0x000000dc95d00000,0x000000dc95e00000] [id=18404]
  0x000002584e556d60 GCTaskThread "GC Thread#1" [stack: 0x000000dc97100000,0x000000dc97200000] [id=18984]
  0x000002584e3f48d0 GCTaskThread "GC Thread#2" [stack: 0x000000dc97200000,0x000000dc97300000] [id=29972]
  0x000002584e141870 GCTaskThread "GC Thread#3" [stack: 0x000000dc97300000,0x000000dc97400000] [id=1712]
  0x000002584e141b30 GCTaskThread "GC Thread#4" [stack: 0x000000dc97400000,0x000000dc97500000] [id=30956]
  0x0000025849bfd470 GCTaskThread "GC Thread#5" [stack: 0x000000dc97500000,0x000000dc97600000] [id=14372]
  0x000002584e7d9e10 GCTaskThread "GC Thread#6" [stack: 0x000000dc97700000,0x000000dc97800000] [id=9528]
  0x000002584f3a9140 GCTaskThread "GC Thread#7" [stack: 0x000000dc97600000,0x000000dc97700000] [id=10576]
  0x0000025864684820 ConcurrentGCThread "G1 Main Marker" [stack: 0x000000dc95e00000,0x000000dc95f00000] [id=25632]
  0x0000025864685230 ConcurrentGCThread "G1 Conc#0" [stack: 0x000000dc95f00000,0x000000dc96000000] [id=26584]
  0x000002584f0a1930 ConcurrentGCThread "G1 Conc#1" [stack: 0x000000dc97800000,0x000000dc97900000] [id=20796]
  0x00000258646adfd0 ConcurrentGCThread "G1 Refine#0" [stack: 0x000000dc96000000,0x000000dc96100000] [id=21896]
  0x00000258646aea00 ConcurrentGCThread "G1 Service" [stack: 0x000000dc96100000,0x000000dc96200000] [id=10460]

Threads with active compile tasks:

VM state: not at safepoint (normal execution)

VM Mutex/Monitor currently owned by a thread: None

Heap address: 0x0000000706600000, size: 3994 MB, Compressed Oops mode: Zero based, Oop shift amount: 3

CDS archive(s) mapped at: [0x0000025808000000-0x0000025808bd0000-0x0000025808bd0000), size 12386304, SharedBaseAddress: 0x0000025808000000, ArchiveRelocationMode: 1.
Compressed class space mapped at: 0x0000025809000000-0x0000025849000000, reserved size: 1073741824
Narrow klass base: 0x0000025808000000, Narrow klass shift: 0, Narrow klass range: 0x100000000

GC Precious Log:
 CPUs: 8 total, 8 available
 Memory: 15970M
 Large Page Support: Disabled
 NUMA Support: Disabled
 Compressed Oops: Enabled (Zero based)
 Heap Region Size: 2M
 Heap Min Capacity: 8M
 Heap Initial Capacity: 250M
 Heap Max Capacity: 3994M
 Pre-touch: Disabled
 Parallel Workers: 8
 Concurrent Workers: 2
 Concurrent Refinement Workers: 8
 Periodic GC: Disabled

Heap:
 garbage-first heap   total 96256K, used 70670K [0x0000000706600000, 0x0000000800000000)
  region size 2048K, 28 young (57344K), 3 survivors (6144K)
 Metaspace       used 42518K, committed 43008K, reserved 1114112K
  class space    used 5402K, committed 5632K, reserved 1048576K

Heap Regions: E=young(eden), S=young(survivor), O=old, HS=humongous(starts), HC=humongous(continues), CS=collection set, F=free, OA=open archive, CA=closed archive, TAMS=top-at-mark-start (previous, next)
|   0|0x0000000706600000, 0x0000000706800000, 0x0000000706800000|100%| O|  |TAMS 0x0000000706800000, 0x0000000706600000| Untracked 
|   1|0x0000000706800000, 0x0000000706a00000, 0x0000000706a00000|100%| O|  |TAMS 0x0000000706a00000, 0x0000000706800000| Untracked 
|   2|0x0000000706a00000, 0x0000000706c00000, 0x0000000706c00000|100%| O|  |TAMS 0x0000000706c00000, 0x0000000706a00000| Untracked 
|   3|0x0000000706c00000, 0x0000000706c00000, 0x0000000706e00000|  0%| F|  |TAMS 0x0000000706c00000, 0x0000000706c00000| Untracked 
|   4|0x0000000706e00000, 0x0000000707000000, 0x0000000707000000|100%| O|  |TAMS 0x0000000707000000, 0x0000000706e00000| Untracked 
|   5|0x0000000707000000, 0x0000000707200000, 0x0000000707200000|100%| O|  |TAMS 0x0000000707200000, 0x0000000707000000| Untracked 
|   6|0x0000000707200000, 0x0000000707400000, 0x0000000707400000|100%| O|  |TAMS 0x0000000707400000, 0x0000000707200000| Untracked 
|   7|0x0000000707400000, 0x0000000707600000, 0x0000000707600000|100%| O|  |TAMS 0x0000000707600000, 0x0000000707400000| Untracked 
|   8|0x0000000707600000, 0x0000000707800000, 0x0000000707800000|100%| O|  |TAMS 0x0000000707800000, 0x0000000707600000| Untracked 
|   9|0x0000000707800000, 0x0000000707800000, 0x0000000707a00000|  0%| F|  |TAMS 0x0000000707800000, 0x0000000707800000| Untracked 
|  10|0x0000000707a00000, 0x0000000707a00000, 0x0000000707c00000|  0%| F|  |TAMS 0x0000000707a00000, 0x0000000707a00000| Untracked 
|  11|0x0000000707c00000, 0x0000000707c00000, 0x0000000707e00000|  0%| F|  |TAMS 0x0000000707c00000, 0x0000000707c00000| Untracked 
|  12|0x0000000707e00000, 0x0000000707e27000, 0x0000000708000000|  7%| O|  |TAMS 0x0000000707e27000, 0x0000000707e00000| Untracked 
|  13|0x0000000708000000, 0x0000000708000000, 0x0000000708200000|  0%| F|  |TAMS 0x0000000708000000, 0x0000000708000000| Untracked 
|  14|0x0000000708200000, 0x0000000708200000, 0x0000000708400000|  0%| F|  |TAMS 0x0000000708200000, 0x0000000708200000| Untracked 
|  15|0x0000000708400000, 0x0000000708400000, 0x0000000708600000|  0%| F|  |TAMS 0x0000000708400000, 0x0000000708400000| Untracked 
|  16|0x0000000708600000, 0x0000000708600000, 0x0000000708800000|  0%| F|  |TAMS 0x0000000708600000, 0x0000000708600000| Untracked 
|  17|0x0000000708800000, 0x0000000708800000, 0x0000000708a00000|  0%| F|  |TAMS 0x0000000708800000, 0x0000000708800000| Untracked 
|  18|0x0000000708a00000, 0x0000000708a00000, 0x0000000708c00000|  0%| F|  |TAMS 0x0000000708a00000, 0x0000000708a00000| Untracked 
|  19|0x0000000708c00000, 0x0000000708e00000, 0x0000000708e00000|100%| E|  |TAMS 0x0000000708c00000, 0x0000000708c00000| Complete 
|  20|0x0000000708e00000, 0x0000000709000000, 0x0000000709000000|100%| E|CS|TAMS 0x0000000708e00000, 0x0000000708e00000| Complete 
|  21|0x0000000709000000, 0x0000000709200000, 0x0000000709200000|100%| E|CS|TAMS 0x0000000709000000, 0x0000000709000000| Complete 
|  22|0x0000000709200000, 0x0000000709400000, 0x0000000709400000|100%| E|CS|TAMS 0x0000000709200000, 0x0000000709200000| Complete 
|  23|0x0000000709400000, 0x0000000709600000, 0x0000000709600000|100%| E|CS|TAMS 0x0000000709400000, 0x0000000709400000| Complete 
|  24|0x0000000709600000, 0x0000000709800000, 0x0000000709800000|100%| E|CS|TAMS 0x0000000709600000, 0x0000000709600000| Complete 
|  25|0x0000000709800000, 0x0000000709a00000, 0x0000000709a00000|100%| E|CS|TAMS 0x0000000709800000, 0x0000000709800000| Complete 
|  26|0x0000000709a00000, 0x0000000709c00000, 0x0000000709c00000|100%| E|CS|TAMS 0x0000000709a00000, 0x0000000709a00000| Complete 
|  27|0x0000000709c00000, 0x0000000709e00000, 0x0000000709e00000|100%| E|CS|TAMS 0x0000000709c00000, 0x0000000709c00000| Complete 
|  28|0x0000000709e00000, 0x000000070a000000, 0x000000070a000000|100%| E|CS|TAMS 0x0000000709e00000, 0x0000000709e00000| Complete 
|  29|0x000000070a000000, 0x000000070a200000, 0x000000070a200000|100%| E|CS|TAMS 0x000000070a000000, 0x000000070a000000| Complete 
|  30|0x000000070a200000, 0x000000070a400000, 0x000000070a400000|100%| E|CS|TAMS 0x000000070a200000, 0x000000070a200000| Complete 
|  31|0x000000070a400000, 0x000000070a600000, 0x000000070a600000|100%| E|CS|TAMS 0x000000070a400000, 0x000000070a400000| Complete 
|  32|0x000000070a600000, 0x000000070a800000, 0x000000070a800000|100%| E|CS|TAMS 0x000000070a600000, 0x000000070a600000| Complete 
|  33|0x000000070a800000, 0x000000070aa00000, 0x000000070aa00000|100%| E|CS|TAMS 0x000000070a800000, 0x000000070a800000| Complete 
|  34|0x000000070aa00000, 0x000000070ac00000, 0x000000070ac00000|100%| E|CS|TAMS 0x000000070aa00000, 0x000000070aa00000| Complete 
|  35|0x000000070ac00000, 0x000000070ae00000, 0x000000070ae00000|100%| E|CS|TAMS 0x000000070ac00000, 0x000000070ac00000| Complete 
|  36|0x000000070ae00000, 0x000000070b000000, 0x000000070b000000|100%| E|CS|TAMS 0x000000070ae00000, 0x000000070ae00000| Complete 
|  37|0x000000070b000000, 0x000000070b200000, 0x000000070b200000|100%| E|CS|TAMS 0x000000070b000000, 0x000000070b000000| Complete 
|  38|0x000000070b200000, 0x000000070b400000, 0x000000070b400000|100%| E|CS|TAMS 0x000000070b200000, 0x000000070b200000| Complete 
|  39|0x000000070b400000, 0x000000070b600000, 0x000000070b600000|100%| E|CS|TAMS 0x000000070b400000, 0x000000070b400000| Complete 
|  40|0x000000070b600000, 0x000000070b800000, 0x000000070b800000|100%| E|CS|TAMS 0x000000070b600000, 0x000000070b600000| Complete 
|  41|0x000000070b800000, 0x000000070ba00000, 0x000000070ba00000|100%| E|CS|TAMS 0x000000070b800000, 0x000000070b800000| Complete 
|  60|0x000000070de00000, 0x000000070dedcab0, 0x000000070e000000| 43%| S|CS|TAMS 0x000000070de00000, 0x000000070de00000| Complete 
|  61|0x000000070e000000, 0x000000070e200000, 0x000000070e200000|100%| S|CS|TAMS 0x000000070e000000, 0x000000070e000000| Complete 
|  62|0x000000070e200000, 0x000000070e400000, 0x000000070e400000|100%| S|CS|TAMS 0x000000070e200000, 0x000000070e200000| Complete 
| 110|0x0000000714200000, 0x0000000714400000, 0x0000000714400000|100%| E|CS|TAMS 0x0000000714200000, 0x0000000714200000| Complete 
| 124|0x0000000715e00000, 0x0000000716000000, 0x0000000716000000|100%| E|CS|TAMS 0x0000000715e00000, 0x0000000715e00000| Complete 

Card table byte_map: [0x000002587bbe0000,0x000002587c3b0000] _byte_map_base: 0x00000258783ad000

Marking Bits (Prev, Next): (CMBitMap*) 0x0000025864674560, (CMBitMap*) 0x00000258646745a0
 Prev Bits: [0x0000025800000000, 0x0000025803e68000)
 Next Bits: [0x0000025803e70000, 0x0000025807cd8000)

Polling page: 0x00000258625f0000

Metaspace:

Usage:
  Non-class:     36.25 MB used.
      Class:      5.28 MB used.
       Both:     41.52 MB used.

Virtual space:
  Non-class space:       64.00 MB reserved,      36.50 MB ( 57%) committed,  1 nodes.
      Class space:        1.00 GB reserved,       5.50 MB ( <1%) committed,  1 nodes.
             Both:        1.06 GB reserved,      42.00 MB (  4%) committed. 

Chunk freelists:
   Non-Class:  10.59 MB
       Class:  10.55 MB
        Both:  21.14 MB

MaxMetaspaceSize: unlimited
CompressedClassSpaceSize: 1.00 GB
Initial GC threshold: 21.00 MB
Current GC threshold: 59.38 MB
CDS: on
MetaspaceReclaimPolicy: balanced
 - commit_granule_bytes: 65536.
 - commit_granule_words: 8192.
 - virtual_space_node_default_size: 8388608.
 - enlarge_chunks_in_place: 1.
 - new_chunks_are_fully_committed: 0.
 - uncommit_free_chunks: 1.
 - use_allocation_guard: 0.
 - handle_deallocations: 1.


Internal statistics:

num_allocs_failed_limit: 9.
num_arena_births: 646.
num_arena_deaths: 0.
num_vsnodes_births: 2.
num_vsnodes_deaths: 0.
num_space_committed: 672.
num_space_uncommitted: 0.
num_chunks_returned_to_freelist: 9.
num_chunks_taken_from_freelist: 2000.
num_chunk_merges: 6.
num_chunk_splits: 1330.
num_chunks_enlarged: 949.
num_inconsistent_stats: 0.

CodeHeap 'non-profiled nmethods': size=120000Kb used=2880Kb max_used=3076Kb free=117119Kb
 bounds [0x0000025873bb0000, 0x0000025873ec0000, 0x000002587b0e0000]
CodeHeap 'profiled nmethods': size=120000Kb used=9040Kb max_used=10151Kb free=110959Kb
 bounds [0x000002586c0e0000, 0x000002586caf0000, 0x0000025873610000]
CodeHeap 'non-nmethods': size=5760Kb used=1305Kb max_used=1357Kb free=4454Kb
 bounds [0x0000025873610000, 0x0000025873880000, 0x0000025873bb0000]
 total_blobs=5060 nmethods=4452 adapters=520
 compilation: enabled
              stopped_count=0, restarted_count=0
 full_count=0

Compilation events (20 events):
Event: 11.523 Thread 0x000002587f394ba0 5207       3       java.nio.ShortBuffer::limit (8 bytes)
Event: 11.523 Thread 0x000002587f394ba0 nmethod 5207 0x000002586c475690 code [0x000002586c475820, 0x000002586c475968]
Event: 11.523 Thread 0x000002587f394ba0 5203       3       java.nio.DirectShortBufferU::<init> (51 bytes)
Event: 11.523 Thread 0x000002587f394ba0 nmethod 5203 0x000002586c7b9d90 code [0x000002586c7b9f60, 0x000002586c7ba358]
Event: 11.530 Thread 0x000002587f394ba0 5210       3       org.bytedeco.javacv.FFmpegFrameRecorder::writeSamples (204 bytes)
Event: 11.531 Thread 0x000002587f394ba0 nmethod 5210 0x000002586c252510 code [0x000002586c252780, 0x000002586c253368]
Event: 11.536 Thread 0x000002587f394ba0 5211       3       org.bytedeco.javacpp.PointerPointer::put (31 bytes)
Event: 11.536 Thread 0x000002587f394ba0 nmethod 5211 0x000002586c5b8110 code [0x000002586c5b82c0, 0x000002586c5b8548]
Event: 11.630 Thread 0x000002587f394ba0 5215       3       java.nio.ShortBuffer::<init> (14 bytes)
Event: 11.631 Thread 0x000002587f394ba0 nmethod 5215 0x000002586c7b9990 code [0x000002586c7b9b40, 0x000002586c7b9c88]
Event: 11.631 Thread 0x000002587f394ba0 5216       3       java.nio.ShortBuffer::<init> (24 bytes)
Event: 11.631 Thread 0x000002587f394ba0 nmethod 5216 0x000002586c7b9510 code [0x000002586c7b96c0, 0x000002586c7b9868]
Event: 11.631 Thread 0x000002587f394ba0 5217       3       org.bytedeco.javacpp.ShortPointer::limit (6 bytes)
Event: 11.631 Thread 0x000002587f394ba0 nmethod 5217 0x000002586c265c10 code [0x000002586c265dc0, 0x000002586c265f98]
Event: 11.631 Thread 0x000002587f394ba0 5218       3       org.bytedeco.javacpp.ShortPointer::limit (9 bytes)
Event: 11.631 Thread 0x000002587f394ba0 nmethod 5218 0x000002586c265810 code [0x000002586c2659a0, 0x000002586c265b18]
Event: 11.649 Thread 0x000002587f394ba0 5219       3       org.bytedeco.javacv.FFmpegFrameRecorder::record (254 bytes)
Event: 11.650 Thread 0x000002587f394ba0 nmethod 5219 0x000002586c2f0610 code [0x000002586c2f09e0, 0x000002586c2f1948]
Event: 12.095 Thread 0x000002587f3940f0 5220       4       org.bytedeco.javacv.FFmpegFrameRecorder::recordSamples (1587 bytes)
Event: 12.160 Thread 0x000002587f3940f0 nmethod 5220 0x0000025873c39010 code [0x0000025873c393a0, 0x0000025873c3b0b0]

GC Heap History (16 events):
Event: 1.135 GC heap before
{Heap before GC invocations=0 (full 0):
 garbage-first heap   total 256000K, used 20480K [0x0000000706600000, 0x0000000800000000)
  region size 2048K, 11 young (22528K), 0 survivors (0K)
 Metaspace       used 5205K, committed 5376K, reserved 1114112K
  class space    used 602K, committed 704K, reserved 1048576K
}
Event: 1.140 GC heap after
{Heap after GC invocations=1 (full 0):
 garbage-first heap   total 256000K, used 6885K [0x0000000706600000, 0x0000000800000000)
  region size 2048K, 2 young (4096K), 2 survivors (4096K)
 Metaspace       used 5205K, committed 5376K, reserved 1114112K
  class space    used 602K, committed 704K, reserved 1048576K
}
Event: 1.648 GC heap before
{Heap before GC invocations=1 (full 0):
 garbage-first heap   total 256000K, used 25317K [0x0000000706600000, 0x0000000800000000)
  region size 2048K, 12 young (24576K), 2 survivors (4096K)
 Metaspace       used 9786K, committed 10048K, reserved 1114112K
  class space    used 1187K, committed 1280K, reserved 1048576K
}
Event: 1.653 GC heap after
{Heap after GC invocations=2 (full 0):
 garbage-first heap   total 256000K, used 8355K [0x0000000706600000, 0x0000000800000000)
  region size 2048K, 1 young (2048K), 1 survivors (2048K)
 Metaspace       used 9786K, committed 10048K, reserved 1114112K
  class space    used 1187K, committed 1280K, reserved 1048576K
}
Event: 2.930 GC heap before
{Heap before GC invocations=2 (full 0):
 garbage-first heap   total 256000K, used 61603K [0x0000000706600000, 0x0000000800000000)
  region size 2048K, 27 young (55296K), 1 survivors (2048K)
 Metaspace       used 16921K, committed 17152K, reserved 1114112K
  class space    used 2072K, committed 2176K, reserved 1048576K
}
Event: 2.935 GC heap after
{Heap after GC invocations=3 (full 0):
 garbage-first heap   total 256000K, used 11615K [0x0000000706600000, 0x0000000800000000)
  region size 2048K, 3 young (6144K), 3 survivors (6144K)
 Metaspace       used 16921K, committed 17152K, reserved 1114112K
  class space    used 2072K, committed 2176K, reserved 1048576K
}
Event: 3.808 GC heap before
{Heap before GC invocations=3 (full 0):
 garbage-first heap   total 256000K, used 38239K [0x0000000706600000, 0x0000000800000000)
  region size 2048K, 17 young (34816K), 3 survivors (6144K)
 Metaspace       used 21210K, committed 21504K, reserved 1114112K
  class space    used 2669K, committed 2816K, reserved 1048576K
}
Event: 3.814 GC heap after
{Heap after GC invocations=4 (full 0):
 garbage-first heap   total 256000K, used 13993K [0x0000000706600000, 0x0000000800000000)
  region size 2048K, 4 young (8192K), 4 survivors (8192K)
 Metaspace       used 21210K, committed 21504K, reserved 1114112K
  class space    used 2669K, committed 2816K, reserved 1048576K
}
Event: 4.735 GC heap before
{Heap before GC invocations=5 (full 0):
 garbage-first heap   total 61440K, used 42665K [0x0000000706600000, 0x0000000800000000)
  region size 2048K, 18 young (36864K), 4 survivors (8192K)
 Metaspace       used 26487K, committed 26944K, reserved 1114112K
  class space    used 3385K, committed 3584K, reserved 1048576K
}
Event: 4.745 GC heap after
{Heap after GC invocations=6 (full 0):
 garbage-first heap   total 61440K, used 17056K [0x0000000706600000, 0x0000000800000000)
  region size 2048K, 3 young (6144K), 3 survivors (6144K)
 Metaspace       used 26487K, committed 26944K, reserved 1114112K
  class space    used 3385K, committed 3584K, reserved 1048576K
}
Event: 4.822 GC heap before
{Heap before GC invocations=6 (full 0):
 garbage-first heap   total 61440K, used 19104K [0x0000000706600000, 0x0000000800000000)
  region size 2048K, 4 young (8192K), 3 survivors (6144K)
 Metaspace       used 26697K, committed 27072K, reserved 1114112K
  class space    used 3413K, committed 3584K, reserved 1048576K
}
Event: 4.826 GC heap after
{Heap after GC invocations=7 (full 0):
 garbage-first heap   total 61440K, used 17609K [0x0000000706600000, 0x0000000800000000)
  region size 2048K, 1 young (2048K), 1 survivors (2048K)
 Metaspace       used 26697K, committed 27072K, reserved 1114112K
  class space    used 3413K, committed 3584K, reserved 1048576K
}
Event: 5.511 GC heap before
{Heap before GC invocations=7 (full 0):
 garbage-first heap   total 61440K, used 40137K [0x0000000706600000, 0x0000000800000000)
  region size 2048K, 12 young (24576K), 1 survivors (2048K)
 Metaspace       used 29697K, committed 30144K, reserved 1114112K
  class space    used 3852K, committed 4096K, reserved 1048576K
}
Event: 5.515 GC heap after
{Heap after GC invocations=8 (full 0):
 garbage-first heap   total 159744K, used 18933K [0x0000000706600000, 0x0000000800000000)
  region size 2048K, 2 young (4096K), 2 survivors (4096K)
 Metaspace       used 29697K, committed 30144K, reserved 1114112K
  class space    used 3852K, committed 4096K, reserved 1048576K
}
Event: 6.333 GC heap before
{Heap before GC invocations=8 (full 0):
 garbage-first heap   total 159744K, used 47605K [0x0000000706600000, 0x0000000800000000)
  region size 2048K, 17 young (34816K), 2 survivors (4096K)
 Metaspace       used 35532K, committed 35968K, reserved 1114112K
  class space    used 4613K, committed 4800K, reserved 1048576K
}
Event: 6.339 GC heap after
{Heap after GC invocations=9 (full 0):
 garbage-first heap   total 159744K, used 21518K [0x0000000706600000, 0x0000000800000000)
  region size 2048K, 3 young (6144K), 3 survivors (6144K)
 Metaspace       used 35532K, committed 35968K, reserved 1114112K
  class space    used 4613K, committed 4800K, reserved 1048576K
}

Dll operation events (20 events):
Event: 4.339 Loaded shared library C:\Users\18608\AppData\Local\Programs\Eclipse Adoptium\jdk-17.0.8.101-hotspot\bin\sunmscapi.dll
Event: 4.369 Loaded shared library C:\Users\18608\AppData\Local\Programs\Eclipse Adoptium\jdk-17.0.8.101-hotspot\bin\management.dll
Event: 4.373 Loaded shared library C:\Users\18608\AppData\Local\Programs\Eclipse Adoptium\jdk-17.0.8.101-hotspot\bin\management_ext.dll
Event: 4.463 Loaded shared library C:\Users\18608\AppData\Local\Programs\Eclipse Adoptium\jdk-17.0.8.101-hotspot\bin\verify.dll
Event: 8.141 Loaded shared library C:\Users\18608\.javacpp\cache\ffmpeg-3.4.2-1.4.1-windows-x86_64.jar\org\bytedeco\javacpp\windows-x86_64\avutil-55.dll
Event: 8.162 Loaded shared library C:\Users\18608\.javacpp\cache\ffmpeg-3.4.2-1.4.1-windows-x86_64.jar\org\bytedeco\javacpp\windows-x86_64\jniavutil.dll
Event: 8.257 Loaded shared library C:\Users\18608\.javacpp\cache\ffmpeg-3.4.2-1.4.1-windows-x86_64.jar\org\bytedeco\javacpp\windows-x86_64\swresample-2.dll
Event: 8.279 Loaded shared library C:\Users\18608\.javacpp\cache\ffmpeg-3.4.2-1.4.1-windows-x86_64.jar\org\bytedeco\javacpp\windows-x86_64\jniswresample.dll
Event: 8.345 Loaded shared library C:\Users\18608\.javacpp\cache\ffmpeg-3.4.2-1.4.1-windows-x86_64.jar\org\bytedeco\javacpp\windows-x86_64\avcodec-57.dll
Event: 8.373 Loaded shared library C:\Users\18608\.javacpp\cache\ffmpeg-3.4.2-1.4.1-windows-x86_64.jar\org\bytedeco\javacpp\windows-x86_64\jniavcodec.dll
Event: 8.513 Loaded shared library C:\Users\18608\.javacpp\cache\ffmpeg-3.4.2-1.4.1-windows-x86_64.jar\org\bytedeco\javacpp\windows-x86_64\avformat-57.dll
Event: 8.542 Loaded shared library C:\Users\18608\.javacpp\cache\ffmpeg-3.4.2-1.4.1-windows-x86_64.jar\org\bytedeco\javacpp\windows-x86_64\jniavformat.dll
Event: 8.638 Loaded shared library C:\Users\18608\.javacpp\cache\ffmpeg-3.4.2-1.4.1-windows-x86_64.jar\org\bytedeco\javacpp\windows-x86_64\swscale-4.dll
Event: 8.660 Loaded shared library C:\Users\18608\.javacpp\cache\ffmpeg-3.4.2-1.4.1-windows-x86_64.jar\org\bytedeco\javacpp\windows-x86_64\jniswscale.dll
Event: 8.743 Loaded shared library C:\Users\18608\.javacpp\cache\ffmpeg-3.4.2-1.4.1-windows-x86_64.jar\org\bytedeco\javacpp\windows-x86_64\postproc-54.dll
Event: 8.776 Loaded shared library C:\Users\18608\.javacpp\cache\ffmpeg-3.4.2-1.4.1-windows-x86_64.jar\org\bytedeco\javacpp\windows-x86_64\jnipostproc.dll
Event: 8.844 Loaded shared library C:\Users\18608\.javacpp\cache\ffmpeg-3.4.2-1.4.1-windows-x86_64.jar\org\bytedeco\javacpp\windows-x86_64\avfilter-6.dll
Event: 8.892 Loaded shared library C:\Users\18608\.javacpp\cache\ffmpeg-3.4.2-1.4.1-windows-x86_64.jar\org\bytedeco\javacpp\windows-x86_64\jniavfilter.dll
Event: 8.950 Loaded shared library C:\Users\18608\.javacpp\cache\ffmpeg-3.4.2-1.4.1-windows-x86_64.jar\org\bytedeco\javacpp\windows-x86_64\avdevice-57.dll
Event: 9.013 Loaded shared library C:\Users\18608\.javacpp\cache\ffmpeg-3.4.2-1.4.1-windows-x86_64.jar\org\bytedeco\javacpp\windows-x86_64\jniavdevice.dll

Deoptimization events (20 events):
Event: 7.917 Thread 0x000002586255e9b0 DEOPT PACKING pc=0x000002586c1585d6 sp=0x000000dc95cfe5a0
Event: 7.917 Thread 0x000002586255e9b0 DEOPT UNPACKING pc=0x000002587366ace3 sp=0x000000dc95cfda90 mode 0
Event: 7.919 Thread 0x000002586255e9b0 DEOPT PACKING pc=0x000002586c1585d6 sp=0x000000dc95cfe5a0
Event: 7.919 Thread 0x000002586255e9b0 DEOPT UNPACKING pc=0x000002587366ace3 sp=0x000000dc95cfda90 mode 0
Event: 8.071 Thread 0x000002586255e9b0 DEOPT PACKING pc=0x000002586c4d45a8 sp=0x000000dc95cfe700
Event: 8.071 Thread 0x000002586255e9b0 DEOPT UNPACKING pc=0x000002587366ace3 sp=0x000000dc95cfdb98 mode 0
Event: 8.142 Thread 0x000002586255e9b0 Uncommon trap: trap_request=0xffffffdc fr.pc=0x0000025873d85c58 relative=0x0000000000000238
Event: 8.142 Thread 0x000002586255e9b0 Uncommon trap: reason=class_check action=make_not_entrant pc=0x0000025873d85c58 method=java.util.ArrayList.toArray([Ljava/lang/Object;)[Ljava/lang/Object; @ 21 c2
Event: 8.142 Thread 0x000002586255e9b0 DEOPT PACKING pc=0x0000025873d85c58 sp=0x000000dc95cfe040
Event: 8.142 Thread 0x000002586255e9b0 DEOPT UNPACKING pc=0x000002587366a1a3 sp=0x000000dc95cfe010 mode 2
Event: 8.914 Thread 0x000002586255e9b0 DEOPT PACKING pc=0x000002586c569b6d sp=0x000000dc95cfde10
Event: 8.914 Thread 0x000002586255e9b0 DEOPT UNPACKING pc=0x000002587366ace3 sp=0x000000dc95cfd298 mode 0
Event: 8.932 Thread 0x000002586255e9b0 DEOPT PACKING pc=0x000002586c826aa9 sp=0x000000dc95cfddf0
Event: 8.932 Thread 0x000002586255e9b0 DEOPT UNPACKING pc=0x000002587366ace3 sp=0x000000dc95cfd2e8 mode 0
Event: 9.323 Thread 0x000002586255e9b0 DEOPT PACKING pc=0x000002586c17f974 sp=0x000000dc95cfe4e0
Event: 9.323 Thread 0x000002586255e9b0 DEOPT UNPACKING pc=0x000002587366ace3 sp=0x000000dc95cfda60 mode 0
Event: 12.168 Thread 0x000002586255e9b0 Uncommon trap: trap_request=0xffffff45 fr.pc=0x0000025873c3aeb4 relative=0x0000000000001b14
Event: 12.168 Thread 0x000002586255e9b0 Uncommon trap: reason=unstable_if action=reinterpret pc=0x0000025873c3aeb4 method=org.bytedeco.javacv.FFmpegFrameRecorder.recordSamples(II[Ljava/nio/Buffer;)Z @ 19 c2
Event: 12.168 Thread 0x000002586255e9b0 DEOPT PACKING pc=0x0000025873c3aeb4 sp=0x000000dc95cff400
Event: 12.168 Thread 0x000002586255e9b0 DEOPT UNPACKING pc=0x000002587366a1a3 sp=0x000000dc95cff3d8 mode 2

Classes unloaded (0 events):
No events

Classes redefined (0 events):
No events

Internal exceptions (20 events):
Event: 5.218 Thread 0x000002586255e9b0 Exception <a 'java/lang/NoSuchMethodError'{0x00000007092b75f0}: 'int java.lang.invoke.DirectMethodHandle$Holder.invokeStaticInit(java.lang.Object, java.lang.Object, java.lang.Object, java.lang.Object)'> (0x00000007092b75f0) 
thrown [s\src\hotspot\share\interpreter\linkResolver.cpp, line 759]
Event: 5.225 Thread 0x000002586255e9b0 Implicit null exception at 0x0000025873d53053 to 0x0000025873d535a5
Event: 5.264 Thread 0x000002586255e9b0 Exception <a 'java/lang/NoSuchMethodError'{0x0000000709008988}: 'java.lang.Object java.lang.invoke.DirectMethodHandle$Holder.newInvokeSpecial(java.lang.Object, java.lang.Object, java.lang.Object, java.lang.Object, java.lang.Object, java.lang.Object, java.lang.Object, java.lang.Object, java.lang.Object)'> (0x0000000709008988) 
thrown [s\src\hotspot\share\interpreter\linkResolver.cpp, line 759]
Event: 5.265 Thread 0x000002586255e9b0 Exception <a 'java/lang/NoSuchMethodError'{0x000000070900d680}: 'java.lang.Object java.lang.invoke.Invokers$Holder.linkToTargetMethod(java.lang.Object, java.lang.Object, java.lang.Object, java.lang.Object, java.lang.Object, java.lang.Object, java.lang.Object, java.lang.Object, java.lang.Object)'> (0x000000070900d680) 
thrown [s\src\hotspot\share\interpreter\linkResolver.cpp, line 759]
Event: 5.496 Thread 0x000002586255e9b0 Exception <a 'java/lang/NoSuchMethodError'{0x0000000708b89990}: 'double java.lang.invoke.DirectMethodHandle$Holder.invokeStatic(java.lang.Object, java.lang.Object)'> (0x0000000708b89990) 
thrown [s\src\hotspot\share\interpreter\linkResolver.cpp, line 759]
Event: 5.499 Thread 0x000002586255e9b0 Exception <a 'java/lang/NoSuchMethodError'{0x0000000708b9b030}: 'int java.lang.invoke.DirectMethodHandle$Holder.invokeStatic(java.lang.Object, java.lang.Object, java.lang.Object, java.lang.Object, java.lang.Object)'> (0x0000000708b9b030) 
thrown [s\src\hotspot\share\interpreter\linkResolver.cpp, line 759]
Event: 5.527 Thread 0x00000258491db010 Exception <a 'java/lang/NoSuchMethodError'{0x0000000715f1fdf8}: 'long java.lang.invoke.DirectMethodHandle$Holder.invokeStatic(java.lang.Object, java.lang.Object, java.lang.Object)'> (0x0000000715f1fdf8) 
thrown [s\src\hotspot\share\interpreter\linkResolver.cpp, line 759]
Event: 5.589 Thread 0x000002586255e9b0 Exception <a 'sun/nio/fs/WindowsException'{0x00000007142bdf48}> (0x00000007142bdf48) 
thrown [s\src\hotspot\share\prims\jni.cpp, line 516]
Event: 5.612 Thread 0x000002586255e9b0 Implicit null exception at 0x0000025873cbe9bd to 0x0000025873cbea7a
Event: 5.932 Thread 0x000002586255e9b0 Exception <a 'java/lang/IncompatibleClassChangeError'{0x000000070f4510b0}: Found class java.lang.Object, but interface was expected> (0x000000070f4510b0) 
thrown [s\src\hotspot\share\interpreter\linkResolver.cpp, line 826]
Event: 5.951 Thread 0x000002586255e9b0 Exception <a 'java/lang/NoSuchMethodError'{0x000000070f50a420}: 'void java.lang.invoke.DirectMethodHandle$Holder.invokeStatic(java.lang.Object, java.lang.Object, double)'> (0x000000070f50a420) 
thrown [s\src\hotspot\share\interpreter\linkResolver.cpp, line 759]
Event: 5.966 Thread 0x000002586255e9b0 Exception <a 'java/lang/NoSuchMethodError'{0x000000070f566870}: 'double java.lang.invoke.DirectMethodHandle$Holder.invokeStatic(java.lang.Object, java.lang.Object, java.lang.Object)'> (0x000000070f566870) 
thrown [s\src\hotspot\share\interpreter\linkResolver.cpp, line 759]
Event: 5.981 Thread 0x000002586255e9b0 Exception <a 'java/lang/NoSuchMethodError'{0x000000070f5c2b28}: 'java.lang.Object java.lang.invoke.DirectMethodHandle$Holder.newInvokeSpecial(java.lang.Object, java.lang.Object, int, java.lang.Object, java.lang.Object)'> (0x000000070f5c2b28) 
thrown [s\src\hotspot\share\interpreter\linkResolver.cpp, line 759]
Event: 5.982 Thread 0x000002586255e9b0 Exception <a 'java/lang/NoSuchMethodError'{0x000000070f5ce1a0}: 'java.lang.Object java.lang.invoke.DirectMethodHandle$Holder.invokeSpecial(java.lang.Object, java.lang.Object, int, java.lang.Object, int, java.lang.Object)'> (0x000000070f5ce1a0) 
thrown [s\src\hotspot\share\interpreter\linkResolver.cpp, line 759]
Event: 5.983 Thread 0x000002586255e9b0 Exception <a 'java/lang/NoSuchMethodError'{0x000000070f5d5fa8}: 'java.lang.Object java.lang.invoke.DirectMethodHandle$Holder.newInvokeSpecial(java.lang.Object, java.lang.Object, int, java.lang.Object, int)'> (0x000000070f5d5fa8) 
thrown [s\src\hotspot\share\interpreter\linkResolver.cpp, line 759]
Event: 5.983 Thread 0x000002586255e9b0 Exception <a 'java/lang/NoSuchMethodError'{0x000000070f5da0a8}: 'java.lang.Object java.lang.invoke.DirectMethodHandle$Holder.invokeSpecial(java.lang.Object, java.lang.Object, java.lang.Object, int, java.lang.Object, int)'> (0x000000070f5da0a8) 
thrown [s\src\hotspot\share\interpreter\linkResolver.cpp, line 759]
Event: 6.064 Thread 0x000002586255e9b0 Exception <a 'java/lang/IncompatibleClassChangeError'{0x000000070f2d9990}: Found class java.lang.Object, but interface was expected> (0x000000070f2d9990) 
thrown [s\src\hotspot\share\interpreter\linkResolver.cpp, line 826]
Event: 6.095 Thread 0x000002586255e9b0 Implicit null exception at 0x0000025873e42581 to 0x0000025873e42738
Event: 6.579 Thread 0x000002586255e9b0 Implicit null exception at 0x0000025873e8b511 to 0x0000025873e8b7a3
Event: 12.168 Thread 0x000002586255e9b0 Implicit null exception at 0x0000025873c393e9 to 0x0000025873c3ae98

VM Operations (20 events):
Event: 7.373 Executing VM operation: Cleanup
Event: 7.373 Executing VM operation: Cleanup done
Event: 7.444 Executing VM operation: HandshakeAllThreads
Event: 7.444 Executing VM operation: HandshakeAllThreads done
Event: 7.444 Executing VM operation: HandshakeAllThreads
Event: 7.444 Executing VM operation: HandshakeAllThreads done
Event: 7.446 Executing VM operation: HandshakeAllThreads
Event: 7.446 Executing VM operation: HandshakeAllThreads done
Event: 7.485 Executing VM operation: HandshakeAllThreads
Event: 7.485 Executing VM operation: HandshakeAllThreads done
Event: 7.574 Executing VM operation: HandshakeAllThreads
Event: 7.574 Executing VM operation: HandshakeAllThreads done
Event: 8.582 Executing VM operation: Cleanup
Event: 8.582 Executing VM operation: Cleanup done
Event: 9.597 Executing VM operation: Cleanup
Event: 9.597 Executing VM operation: Cleanup done
Event: 10.605 Executing VM operation: Cleanup
Event: 10.605 Executing VM operation: Cleanup done
Event: 11.608 Executing VM operation: Cleanup
Event: 11.609 Executing VM operation: Cleanup done

Events (20 events):
Event: 8.023 loading class com/sun/org/apache/xerces/internal/dom/CharacterDataImpl$1 done
Event: 8.047 loading class jdk/internal/access/foreign/MemorySegmentProxy
Event: 8.047 loading class jdk/internal/access/foreign/MemorySegmentProxy done
Event: 8.105 loading class java/nio/file/FileAlreadyExistsException
Event: 8.106 loading class java/nio/file/FileAlreadyExistsException done
Event: 8.176 Thread 0x000002584f832f10 Thread added: 0x000002584f832f10
Event: 9.034 Thread 0x00000258494389e0 Thread exited: 0x00000258494389e0
Event: 9.042 Thread 0x00000258494380c0 Thread exited: 0x00000258494380c0
Event: 9.279 loading class java/util/concurrent/Executors$FinalizableDelegatedExecutorService
Event: 9.279 loading class java/util/concurrent/Executors$DelegatedExecutorService
Event: 9.279 loading class java/util/concurrent/Executors$DelegatedExecutorService done
Event: 9.279 loading class java/util/concurrent/Executors$FinalizableDelegatedExecutorService done
Event: 11.275 loading class java/nio/DirectFloatBufferU
Event: 11.275 loading class java/nio/FloatBuffer
Event: 11.275 loading class java/nio/FloatBuffer done
Event: 11.275 loading class java/nio/DirectFloatBufferU done
Event: 11.275 loading class java/nio/DirectShortBufferU
Event: 11.275 loading class java/nio/ShortBuffer
Event: 11.275 loading class java/nio/ShortBuffer done
Event: 11.275 loading class java/nio/DirectShortBufferU done


Dynamic libraries:
0x00007ff743910000 - 0x00007ff74391e000 	C:\Users\18608\AppData\Local\Programs\Eclipse Adoptium\jdk-17.0.8.101-hotspot\bin\java.exe
0x00007ffd828d0000 - 0x00007ffd82ac8000 	C:\WINDOWS\SYSTEM32\ntdll.dll
0x00007ffd80940000 - 0x00007ffd809fd000 	C:\WINDOWS\System32\KERNEL32.DLL
0x00007ffd80050000 - 0x00007ffd80346000 	C:\WINDOWS\System32\KERNELBASE.dll
0x00007ffd80560000 - 0x00007ffd80660000 	C:\WINDOWS\System32\ucrtbase.dll
0x00007ffd73730000 - 0x00007ffd73747000 	C:\Users\18608\AppData\Local\Programs\Eclipse Adoptium\jdk-17.0.8.101-hotspot\bin\jli.dll
0x00007ffd73240000 - 0x00007ffd73259000 	C:\Users\18608\AppData\Local\Programs\Eclipse Adoptium\jdk-17.0.8.101-hotspot\bin\VCRUNTIME140.dll
0x00007ffd81ac0000 - 0x00007ffd81c5e000 	C:\WINDOWS\System32\USER32.dll
0x00007ffd804c0000 - 0x00007ffd804e2000 	C:\WINDOWS\System32\win32u.dll
0x00007ffd62980000 - 0x00007ffd62c1a000 	C:\WINDOWS\WinSxS\amd64_microsoft.windows.common-controls_6595b64144ccf1df_6.0.19041.3636_none_60b6a03d71f818d5\COMCTL32.dll
0x00007ffd82140000 - 0x00007ffd8216c000 	C:\WINDOWS\System32\GDI32.dll
0x00007ffd80a30000 - 0x00007ffd80ace000 	C:\WINDOWS\System32\msvcrt.dll
0x00007ffd803a0000 - 0x00007ffd804ba000 	C:\WINDOWS\System32\gdi32full.dll
0x00007ffd7ffb0000 - 0x00007ffd8004d000 	C:\WINDOWS\System32\msvcp_win.dll
0x00007ffd80a00000 - 0x00007ffd80a30000 	C:\WINDOWS\System32\IMM32.DLL
0x00007ffd75e20000 - 0x00007ffd75e2c000 	C:\Users\18608\AppData\Local\Programs\Eclipse Adoptium\jdk-17.0.8.101-hotspot\bin\vcruntime140_1.dll
0x00007ffd50030000 - 0x00007ffd500c1000 	C:\Users\18608\AppData\Local\Programs\Eclipse Adoptium\jdk-17.0.8.101-hotspot\bin\msvcp140.dll
0x00007ffd17ac0000 - 0x00007ffd1870c000 	C:\Users\18608\AppData\Local\Programs\Eclipse Adoptium\jdk-17.0.8.101-hotspot\bin\server\jvm.dll
0x00007ffd81a10000 - 0x00007ffd81abf000 	C:\WINDOWS\System32\ADVAPI32.dll
0x00007ffd82460000 - 0x00007ffd824fc000 	C:\WINDOWS\System32\sechost.dll
0x00007ffd82170000 - 0x00007ffd82296000 	C:\WINDOWS\System32\RPCRT4.dll
0x00007ffd7fd60000 - 0x00007ffd7fdab000 	C:\WINDOWS\SYSTEM32\POWRPROF.dll
0x00007ffd5fa00000 - 0x00007ffd5fa27000 	C:\WINDOWS\SYSTEM32\WINMM.dll
0x00007ffd47030000 - 0x00007ffd47039000 	C:\WINDOWS\SYSTEM32\WSOCK32.dll
0x00007ffd81220000 - 0x00007ffd8128b000 	C:\WINDOWS\System32\WS2_32.dll
0x00007ffd72600000 - 0x00007ffd7260a000 	C:\WINDOWS\SYSTEM32\VERSION.dll
0x00007ffd7fd40000 - 0x00007ffd7fd52000 	C:\WINDOWS\SYSTEM32\UMPDC.dll
0x00007ffd7e800000 - 0x00007ffd7e812000 	C:\WINDOWS\SYSTEM32\kernel.appcore.dll
0x00007ffd73230000 - 0x00007ffd7323a000 	C:\Users\18608\AppData\Local\Programs\Eclipse Adoptium\jdk-17.0.8.101-hotspot\bin\jimage.dll
0x00007ffd7dcb0000 - 0x00007ffd7de94000 	C:\WINDOWS\SYSTEM32\DBGHELP.DLL
0x00007ffd73180000 - 0x00007ffd731b4000 	C:\WINDOWS\SYSTEM32\dbgcore.DLL
0x00007ffd80870000 - 0x00007ffd808f2000 	C:\WINDOWS\System32\bcryptPrimitives.dll
0x00007ffd68e00000 - 0x00007ffd68e25000 	C:\Users\18608\AppData\Local\Programs\Eclipse Adoptium\jdk-17.0.8.101-hotspot\bin\java.dll
0x00007ffd45fc0000 - 0x00007ffd46096000 	C:\Users\18608\AppData\Local\Programs\Eclipse Adoptium\jdk-17.0.8.101-hotspot\bin\jsvml.dll
0x00007ffd80ad0000 - 0x00007ffd81214000 	C:\WINDOWS\System32\SHELL32.dll
0x00007ffd7e050000 - 0x00007ffd7e7eb000 	C:\WINDOWS\SYSTEM32\windows.storage.dll
0x00007ffd81d80000 - 0x00007ffd820d4000 	C:\WINDOWS\System32\combase.dll
0x00007ffd7f980000 - 0x00007ffd7f9ad000 	C:\WINDOWS\SYSTEM32\Wldp.dll
0x00007ffd813e0000 - 0x00007ffd8148d000 	C:\WINDOWS\System32\SHCORE.dll
0x00007ffd81380000 - 0x00007ffd813d5000 	C:\WINDOWS\System32\shlwapi.dll
0x00007ffd7fee0000 - 0x00007ffd7ff05000 	C:\WINDOWS\SYSTEM32\profapi.dll
0x00007ffd71e00000 - 0x00007ffd71e19000 	C:\Users\18608\AppData\Local\Programs\Eclipse Adoptium\jdk-17.0.8.101-hotspot\bin\net.dll
0x00007ffd77020000 - 0x00007ffd7712a000 	C:\WINDOWS\SYSTEM32\WINHTTP.dll
0x00007ffd7f6e0000 - 0x00007ffd7f74a000 	C:\WINDOWS\system32\mswsock.dll
0x00007ffd65e20000 - 0x00007ffd65e35000 	C:\Users\18608\AppData\Local\Programs\Eclipse Adoptium\jdk-17.0.8.101-hotspot\bin\nio.dll
0x00007ffd60cd0000 - 0x00007ffd60ce8000 	C:\Users\18608\AppData\Local\Programs\Eclipse Adoptium\jdk-17.0.8.101-hotspot\bin\zip.dll
0x00007ffd7f8d0000 - 0x00007ffd7f8e8000 	C:\WINDOWS\SYSTEM32\CRYPTSP.dll
0x00007ffd7f010000 - 0x00007ffd7f044000 	C:\WINDOWS\system32\rsaenh.dll
0x00007ffd80900000 - 0x00007ffd80927000 	C:\WINDOWS\System32\bcrypt.dll
0x00007ffd7fea0000 - 0x00007ffd7fece000 	C:\WINDOWS\SYSTEM32\USERENV.dll
0x00007ffd7f8f0000 - 0x00007ffd7f8fc000 	C:\WINDOWS\SYSTEM32\CRYPTBASE.dll
0x00007ffd7f3d0000 - 0x00007ffd7f40b000 	C:\WINDOWS\SYSTEM32\IPHLPAPI.DLL
0x00007ffd82450000 - 0x00007ffd82458000 	C:\WINDOWS\System32\NSI.dll
0x00007ffd75580000 - 0x00007ffd75597000 	C:\WINDOWS\SYSTEM32\dhcpcsvc6.DLL
0x00007ffd75560000 - 0x00007ffd7557d000 	C:\WINDOWS\SYSTEM32\dhcpcsvc.DLL
0x00007ffd7f410000 - 0x00007ffd7f4da000 	C:\WINDOWS\SYSTEM32\DNSAPI.dll
0x00007ffd75740000 - 0x00007ffd7574e000 	C:\Users\18608\AppData\Local\Programs\Eclipse Adoptium\jdk-17.0.8.101-hotspot\bin\sunmscapi.dll
0x00007ffd80710000 - 0x00007ffd8086d000 	C:\WINDOWS\System32\CRYPT32.dll
0x00007ffd7f9f0000 - 0x00007ffd7fa17000 	C:\WINDOWS\SYSTEM32\ncrypt.dll
0x00007ffd7f9b0000 - 0x00007ffd7f9eb000 	C:\WINDOWS\SYSTEM32\NTASN1.dll
0x00007ffd75730000 - 0x00007ffd75739000 	C:\Users\18608\AppData\Local\Programs\Eclipse Adoptium\jdk-17.0.8.101-hotspot\bin\management.dll
0x00007ffd75720000 - 0x00007ffd7572b000 	C:\Users\18608\AppData\Local\Programs\Eclipse Adoptium\jdk-17.0.8.101-hotspot\bin\management_ext.dll
0x00007ffd80930000 - 0x00007ffd80938000 	C:\WINDOWS\System32\PSAPI.DLL
0x00007ffd75710000 - 0x00007ffd75720000 	C:\Users\18608\AppData\Local\Programs\Eclipse Adoptium\jdk-17.0.8.101-hotspot\bin\verify.dll
0x00007ffd68df0000 - 0x00007ffd68df7000 	C:\WINDOWS\system32\wshunix.dll
0x00007ffd75470000 - 0x00007ffd7547a000 	C:\Windows\System32\rasadhlp.dll
0x00007ffd72a30000 - 0x00007ffd72ab0000 	C:\WINDOWS\System32\fwpuclnt.dll
0x00007ffd459d0000 - 0x00007ffd45a97000 	C:\Users\18608\.javacpp\cache\ffmpeg-3.4.2-1.4.1-windows-x86_64.jar\org\bytedeco\javacpp\windows-x86_64\avutil-55.dll
0x000000006fe00000 - 0x000000006fed2000 	C:\Users\18608\.javacpp\cache\ffmpeg-3.4.2-1.4.1-windows-x86_64.jar\org\bytedeco\javacpp\windows-x86_64\jniavutil.dll
0x00007ffd608b0000 - 0x00007ffd608d8000 	C:\Users\18608\.javacpp\cache\ffmpeg-3.4.2-1.4.1-windows-x86_64.jar\org\bytedeco\javacpp\windows-x86_64\swresample-2.dll
0x0000000070080000 - 0x00000000700ae000 	C:\Users\18608\.javacpp\cache\ffmpeg-3.4.2-1.4.1-windows-x86_64.jar\org\bytedeco\javacpp\windows-x86_64\jniswresample.dll
0x00007ffcfd040000 - 0x00007ffcfefe9000 	C:\Users\18608\.javacpp\cache\ffmpeg-3.4.2-1.4.1-windows-x86_64.jar\org\bytedeco\javacpp\windows-x86_64\avcodec-57.dll
0x00007ffd82500000 - 0x00007ffd8262b000 	C:\WINDOWS\System32\ole32.dll
0x000000006a1c0000 - 0x000000006a44d000 	C:\Users\18608\.javacpp\cache\ffmpeg-3.4.2-1.4.1-windows-x86_64.jar\org\bytedeco\javacpp\windows-x86_64\jniavcodec.dll
0x00007ffd40150000 - 0x00007ffd4059d000 	C:\Users\18608\.javacpp\cache\ffmpeg-3.4.2-1.4.1-windows-x86_64.jar\org\bytedeco\javacpp\windows-x86_64\avformat-57.dll
0x00007ffd60f60000 - 0x00007ffd60f6c000 	C:\WINDOWS\SYSTEM32\Secur32.dll
0x00007ffd7fe60000 - 0x00007ffd7fe92000 	C:\WINDOWS\SYSTEM32\SSPICLI.DLL
0x000000006abc0000 - 0x000000006ad0a000 	C:\Users\18608\.javacpp\cache\ffmpeg-3.4.2-1.4.1-windows-x86_64.jar\org\bytedeco\javacpp\windows-x86_64\jniavformat.dll
0x00007ffd4f120000 - 0x00007ffd4f1b4000 	C:\Users\18608\.javacpp\cache\ffmpeg-3.4.2-1.4.1-windows-x86_64.jar\org\bytedeco\javacpp\windows-x86_64\swscale-4.dll
0x0000000067cc0000 - 0x0000000067cf6000 	C:\Users\18608\.javacpp\cache\ffmpeg-3.4.2-1.4.1-windows-x86_64.jar\org\bytedeco\javacpp\windows-x86_64\jniswscale.dll
0x00007ffd606d0000 - 0x00007ffd606fa000 	C:\Users\18608\.javacpp\cache\ffmpeg-3.4.2-1.4.1-windows-x86_64.jar\org\bytedeco\javacpp\windows-x86_64\postproc-54.dll
0x000000006a0c0000 - 0x000000006a0ec000 	C:\Users\18608\.javacpp\cache\ffmpeg-3.4.2-1.4.1-windows-x86_64.jar\org\bytedeco\javacpp\windows-x86_64\jnipostproc.dll
0x00007ffd26af0000 - 0x00007ffd26e49000 	C:\Users\18608\.javacpp\cache\ffmpeg-3.4.2-1.4.1-windows-x86_64.jar\org\bytedeco\javacpp\windows-x86_64\avfilter-6.dll
0x0000000064400000 - 0x0000000064478000 	C:\Users\18608\.javacpp\cache\ffmpeg-3.4.2-1.4.1-windows-x86_64.jar\org\bytedeco\javacpp\windows-x86_64\jniavfilter.dll
0x00007ffd5f540000 - 0x00007ffd5f56d000 	C:\Users\18608\.javacpp\cache\ffmpeg-3.4.2-1.4.1-windows-x86_64.jar\org\bytedeco\javacpp\windows-x86_64\avdevice-57.dll
0x00007ffd826e0000 - 0x00007ffd827ad000 	C:\WINDOWS\System32\OLEAUT32.dll
0x00007ffd60c50000 - 0x00007ffd60c69000 	C:\WINDOWS\SYSTEM32\AVICAP32.dll
0x00007ffd5f510000 - 0x00007ffd5f53b000 	C:\WINDOWS\SYSTEM32\MSVFW32.dll
0x00000000002e0000 - 0x0000000000319000 	C:\Users\18608\.javacpp\cache\ffmpeg-3.4.2-1.4.1-windows-x86_64.jar\org\bytedeco\javacpp\windows-x86_64\jniavdevice.dll

dbghelp: loaded successfully - version: 4.0.5 - missing functions: none
symbol engine: initialized successfully - sym options: 0x614 - pdb path: .;C:\Users\18608\AppData\Local\Programs\Eclipse Adoptium\jdk-17.0.8.101-hotspot\bin;C:\WINDOWS\SYSTEM32;C:\WINDOWS\WinSxS\amd64_microsoft.windows.common-controls_6595b64144ccf1df_6.0.19041.3636_none_60b6a03d71f818d5;C:\Users\18608\AppData\Local\Programs\Eclipse Adoptium\jdk-17.0.8.101-hotspot\bin\server;C:\Users\18608\.javacpp\cache\ffmpeg-3.4.2-1.4.1-windows-x86_64.jar\org\bytedeco\javacpp\windows-x86_64

VM Arguments:
jvm_args: -XX:+ShowCodeDetailsInExceptionMessages 
java_command: com.personal.ScrapiiApplication
java_class_path (initial): C:\Users\18608\Downloads\scrapii\scrapii\target\classes;C:\Users\18608\.m2\repository\org\springframework\boot\spring-boot-starter-web\3.1.5\spring-boot-starter-web-3.1.5.jar;C:\Users\18608\.m2\repository\org\springframework\boot\spring-boot-starter\3.1.5\spring-boot-starter-3.1.5.jar;C:\Users\18608\.m2\repository\org\springframework\boot\spring-boot\3.1.5\spring-boot-3.1.5.jar;C:\Users\18608\.m2\repository\org\springframework\boot\spring-boot-autoconfigure\3.1.5\spring-boot-autoconfigure-3.1.5.jar;C:\Users\18608\.m2\repository\org\springframework\boot\spring-boot-starter-logging\3.1.5\spring-boot-starter-logging-3.1.5.jar;C:\Users\18608\.m2\repository\ch\qos\logback\logback-classic\1.4.11\logback-classic-1.4.11.jar;C:\Users\18608\.m2\repository\ch\qos\logback\logback-core\1.4.11\logback-core-1.4.11.jar;C:\Users\18608\.m2\repository\org\apache\logging\log4j\log4j-to-slf4j\2.20.0\log4j-to-slf4j-2.20.0.jar;C:\Users\18608\.m2\repository\org\apache\logging\log4j\log4j-api\2.20.0\log4j-api-2.20.0.jar;C:\Users\18608\.m2\repository\org\slf4j\jul-to-slf4j\2.0.9\jul-to-slf4j-2.0.9.jar;C:\Users\18608\.m2\repository\jakarta\annotation\jakarta.annotation-api\2.1.1\jakarta.annotation-api-2.1.1.jar;C:\Users\18608\.m2\repository\org\yaml\snakeyaml\1.33\snakeyaml-1.33.jar;C:\Users\18608\.m2\repository\org\springframework\boot\spring-boot-starter-json\3.1.5\spring-boot-starter-json-3.1.5.jar;C:\Users\18608\.m2\repository\com\fasterxml\jackson\core\jackson-databind\2.15.3\jackson-databind-2.15.3.jar;C:\Users\18608\.m2\repository\com\fasterxml\jackson\core\jackson-annotations\2.15.3\jackson-annotations-2.15.3.jar;C:\Users\18608\.m2\repository\com\fasterxml\jackson\core\jackson-core\2.15.3\jackson-core-2.15.3.jar;C:\Users\18608\.m2\repository\com\fasterxml\jackson\datatype\jackson-datatype-jdk8\2.15.3\jackson-datatype-jdk8-2.15.3.jar;C:\Users\18608\.m2\repository\com\fasterxml\jackson\datatype\jackson-datatype-jsr310\2.15.3\jackson-datatype-jsr310-2.15.3.ja
Launcher Type: SUN_STANDARD

[Global flags]
     intx CICompilerCount                          = 4                                         {product} {ergonomic}
     uint ConcGCThreads                            = 2                                         {product} {ergonomic}
     uint G1ConcRefinementThreads                  = 8                                         {product} {ergonomic}
   size_t G1HeapRegionSize                         = 2097152                                   {product} {ergonomic}
    uintx GCDrainStackTargetSize                   = 64                                        {product} {ergonomic}
   size_t InitialHeapSize                          = 262144000                                 {product} {ergonomic}
   size_t MarkStackSize                            = 4194304                                   {product} {ergonomic}
   size_t MaxHeapSize                              = 4188012544                                {product} {ergonomic}
   size_t MaxNewSize                               = 2512388096                                {product} {ergonomic}
   size_t MinHeapDeltaBytes                        = 2097152                                   {product} {ergonomic}
   size_t MinHeapSize                              = 8388608                                   {product} {ergonomic}
    uintx NonNMethodCodeHeapSize                   = 5839372                                {pd product} {ergonomic}
    uintx NonProfiledCodeHeapSize                  = 122909434                              {pd product} {ergonomic}
    uintx ProfiledCodeHeapSize                     = 122909434                              {pd product} {ergonomic}
    uintx ReservedCodeCacheSize                    = 251658240                              {pd product} {ergonomic}
     bool SegmentedCodeCache                       = true                                      {product} {ergonomic}
     bool ShowCodeDetailsInExceptionMessages       = true                                   {manageable} {command line}
   size_t SoftMaxHeapSize                          = 4188012544                             {manageable} {ergonomic}
     bool UseCompressedClassPointers               = true                           {product lp64_product} {ergonomic}
     bool UseCompressedOops                        = true                           {product lp64_product} {ergonomic}
     bool UseG1GC                                  = true                                      {product} {ergonomic}
     bool UseLargePagesIndividualAllocation        = false                                  {pd product} {ergonomic}

Logging:
Log output configuration:
 #0: stdout all=warning uptime,level,tags
 #1: stderr all=off uptime,level,tags

Environment Variables:
JAVA_HOME=C:\Users\18608\AppData\Local\Programs\Eclipse Adoptium\jdk-17.0.8.101-hotspot\
PATH=C:\Program Files (x86)\VMware\VMware Player\bin\;C:\WINDOWS\system32;C:\WINDOWS;C:\WINDOWS\System32\Wbem;C:\WINDOWS\System32\WindowsPowerShell\v1.0\;C:\WINDOWS\System32\OpenSSH\;C:\Program Files\PuTTY\;C:\Program Files\Git\cmd;C:\Program Files\Amazon\AWSCLIV2\;C:\Users\18608\AppData\Local\Programs\Python\Python311\Scripts;C:\Users\18608\AppData\Local\Programs\Eclipse Adoptium\jdk-17.0.8.101-hotspot\bin;C:\Users\18608\AppData\Local\Programs\Python\Python311;C:\Users\18608\AppData\Local\Microsoft\WindowsApps;C:\Users\18608\AppData\Local\Programs\Microsoft VS Code\bin;C:\Users\18608\AppData\Local\Programs\Python\Python311\Scripts;
USERNAME=MulkiSam
LANG=en_US.UTF-8
OS=Windows_NT
PROCESSOR_IDENTIFIER=Intel64 Family 6 Model 126 Stepping 5, GenuineIntel
TMP=C:\Users\18608\AppData\Local\Temp
TEMP=C:\Users\18608\AppData\Local\Temp



---------------  S Y S T E M  ---------------

OS:
 Windows 10 , 64 bit Build 19041 (10.0.19041.3636)
OS uptime: 14 days 4:34 hours

CPU: total 8 (initial active 8) (4 cores per cpu, 2 threads per core) family 6 model 126 stepping 5 microcode 0xb0, cx8, cmov, fxsr, ht, mmx, 3dnowpref, sse, sse2, sse3, ssse3, sse4.1, sse4.2, popcnt, lzcnt, tsc, tscinvbit, avx, avx2, aes, erms, clmul, bmi1, bmi2, adx, avx512f, avx512dq, avx512cd, avx512bw, avx512vl, sha, fma, vzeroupper, avx512_vpopcntdq, avx512_vpclmulqdq, avx512_vaes, avx512_vnni, clflush, clflushopt, avx512_vbmi2, avx512_vbmi
Processor Information for processor 0
  Max Mhz: 1498, Current Mhz: 1298, Mhz Limit: 1288
Processor Information for processor 1
  Max Mhz: 1498, Current Mhz: 998, Mhz Limit: 1288
Processor Information for processor 2
  Max Mhz: 1498, Current Mhz: 1298, Mhz Limit: 1288
Processor Information for processor 3
  Max Mhz: 1498, Current Mhz: 1298, Mhz Limit: 1288
Processor Information for processor 4
  Max Mhz: 1498, Current Mhz: 1298, Mhz Limit: 1288
Processor Information for processor 5
  Max Mhz: 1498, Current Mhz: 998, Mhz Limit: 1288
Processor Information for processor 6
  Max Mhz: 1498, Current Mhz: 998, Mhz Limit: 1288
Processor Information for processor 7
  Max Mhz: 1498, Current Mhz: 1298, Mhz Limit: 1288

Memory: 4k page, system-wide physical 15970M (2348M free)
TotalPageFile size 36179M (AvailPageFile size 4736M)
current process WorkingSet (physical memory assigned to process): 236M, peak: 268M
current process commit charge ("private bytes"): 286M, peak: 411M

vm_info: OpenJDK 64-Bit Server VM (17.0.8.1+1) for windows-amd64 JRE (17.0.8.1+1), built on Aug 23 2023 15:29:17 by "admin" with MS VC++ 16.7 (VS2019)

END.
